2013/05/11 09:40:40 [error] [exception.CException] exception 'CException' with message 'Property "Admission.per_title" is not defined.' in C:\wamp\Dropbox\yii_framework\base\CComponent.php:130
Stack trace:
#0 C:\wamp\Dropbox\yii_framework\db\ar\CActiveRecord.php(143): CComponent->__get('per_title')
#1 C:\wamp\Dropbox\yii_framework\web\helpers\CHtml.php(2253): CActiveRecord->__get('per_title')
#2 C:\wamp\Dropbox\yii_framework\web\helpers\CHtml.php(1565): CHtml::resolveValue(Object(Admission), 'per_title')
#3 C:\wamp\Dropbox\yii_framework\web\widgets\CActiveForm.php(763): CHtml::activeDropDownList(Object(Admission), 'per_title', Array, Array)
#4 C:\wamp\Dropbox\muErpSolV1\protected\views\admission\_form.php(21): CActiveForm->dropDownList(Object(Admission), 'per_title', Array)
#5 C:\wamp\Dropbox\yii_framework\web\CBaseController.php(126): require('C:\wamp\Dropbox...')
#6 C:\wamp\Dropbox\yii_framework\web\CBaseController.php(95): CBaseController->renderInternal('C:\wamp\Dropbox...', Array, true)
#7 C:\wamp\Dropbox\yii_framework\web\CController.php(869): CBaseController->renderFile('C:\wamp\Dropbox...', Array, true)
#8 C:\wamp\Dropbox\yii_framework\web\CController.php(782): CController->renderPartial('_form', Array, true)
#9 C:\wamp\Dropbox\muErpSolV1\protected\controllers\AdmissionController.php(115): CController->render('_form', Array)
#10 C:\wamp\Dropbox\yii_framework\web\actions\CInlineAction.php(49): AdmissionController->actionCreate()
#11 C:\wamp\Dropbox\yii_framework\web\CController.php(308): CInlineAction->runWithParams(Array)
#12 C:\wamp\Dropbox\yii_framework\web\filters\CFilterChain.php(133): CController->runAction(Object(CInlineAction))
#13 C:\wamp\Dropbox\yii_framework\web\filters\CFilter.php(40): CFilterChain->run()
#14 C:\wamp\Dropbox\yii_framework\web\CController.php(1145): CFilter->filter(Object(CFilterChain))
#15 C:\wamp\Dropbox\yii_framework\web\filters\CInlineFilter.php(58): CController->filterAccessControl(Object(CFilterChain))
#16 C:\wamp\Dropbox\yii_framework\web\filters\CFilterChain.php(130): CInlineFilter->filter(Object(CFilterChain))
#17 C:\wamp\Dropbox\yii_framework\web\CController.php(291): CFilterChain->run()
#18 C:\wamp\Dropbox\yii_framework\web\CController.php(265): CController->runActionWithFilters(Object(CInlineAction), Array)
#19 C:\wamp\Dropbox\yii_framework\web\CWebApplication.php(282): CController->run('create')
#20 C:\wamp\Dropbox\yii_framework\web\CWebApplication.php(141): CWebApplication->runController('admission/creat...')
#21 C:\wamp\Dropbox\yii_framework\base\CApplication.php(169): CWebApplication->processRequest()
#22 C:\wamp\Dropbox\muErpSolV1\index.php(13): CApplication->run()
#23 {main}
REQUEST_URI=/muErpSolV1/index.php?r=admission/create
HTTP_REFERER=http://localhost:8082/muErpSolV1/index.php?r=site/login
---
2013/05/11 09:55:53 [error] [exception.CException] exception 'CException' with message 'Property "Admission.per_title" is not defined.' in C:\wamp\Dropbox\yii_framework\base\CComponent.php:130
Stack trace:
#0 C:\wamp\Dropbox\yii_framework\db\ar\CActiveRecord.php(143): CComponent->__get('per_title')
#1 C:\wamp\Dropbox\yii_framework\web\helpers\CHtml.php(2253): CActiveRecord->__get('per_title')
#2 C:\wamp\Dropbox\yii_framework\web\helpers\CHtml.php(1565): CHtml::resolveValue(Object(Admission), 'per_title')
#3 C:\wamp\Dropbox\yii_framework\web\widgets\CActiveForm.php(763): CHtml::activeDropDownList(Object(Admission), 'per_title', Array, Array)
#4 C:\wamp\Dropbox\muErpSolV1\protected\views\admission\_form.php(21): CActiveForm->dropDownList(Object(Admission), 'per_title', Array)
#5 C:\wamp\Dropbox\yii_framework\web\CBaseController.php(126): require('C:\wamp\Dropbox...')
#6 C:\wamp\Dropbox\yii_framework\web\CBaseController.php(95): CBaseController->renderInternal('C:\wamp\Dropbox...', Array, true)
#7 C:\wamp\Dropbox\yii_framework\web\CController.php(869): CBaseController->renderFile('C:\wamp\Dropbox...', Array, true)
#8 C:\wamp\Dropbox\yii_framework\web\CController.php(782): CController->renderPartial('_form', Array, true)
#9 C:\wamp\Dropbox\muErpSolV1\protected\controllers\AdmissionController.php(115): CController->render('_form', Array)
#10 C:\wamp\Dropbox\yii_framework\web\actions\CInlineAction.php(49): AdmissionController->actionCreate()
#11 C:\wamp\Dropbox\yii_framework\web\CController.php(308): CInlineAction->runWithParams(Array)
#12 C:\wamp\Dropbox\yii_framework\web\filters\CFilterChain.php(133): CController->runAction(Object(CInlineAction))
#13 C:\wamp\Dropbox\yii_framework\web\filters\CFilter.php(40): CFilterChain->run()
#14 C:\wamp\Dropbox\yii_framework\web\CController.php(1145): CFilter->filter(Object(CFilterChain))
#15 C:\wamp\Dropbox\yii_framework\web\filters\CInlineFilter.php(58): CController->filterAccessControl(Object(CFilterChain))
#16 C:\wamp\Dropbox\yii_framework\web\filters\CFilterChain.php(130): CInlineFilter->filter(Object(CFilterChain))
#17 C:\wamp\Dropbox\yii_framework\web\CController.php(291): CFilterChain->run()
#18 C:\wamp\Dropbox\yii_framework\web\CController.php(265): CController->runActionWithFilters(Object(CInlineAction), Array)
#19 C:\wamp\Dropbox\yii_framework\web\CWebApplication.php(282): CController->run('create')
#20 C:\wamp\Dropbox\yii_framework\web\CWebApplication.php(141): CWebApplication->runController('admission/creat...')
#21 C:\wamp\Dropbox\yii_framework\base\CApplication.php(169): CWebApplication->processRequest()
#22 C:\wamp\Dropbox\muErpSolV1\index.php(13): CApplication->run()
#23 {main}
REQUEST_URI=/muErpSolV1/index.php?r=admission/create
HTTP_REFERER=http://localhost:8082/muErpSolV1/index.php?r=site/login
---
2013/05/11 09:59:36 [error] [exception.CException] exception 'CException' with message 'Property "Admission.per_title" is not defined.' in C:\wamp\Dropbox\yii_framework\base\CComponent.php:130
Stack trace:
#0 C:\wamp\Dropbox\yii_framework\db\ar\CActiveRecord.php(143): CComponent->__get('per_title')
#1 C:\wamp\Dropbox\yii_framework\web\helpers\CHtml.php(2253): CActiveRecord->__get('per_title')
#2 C:\wamp\Dropbox\yii_framework\web\helpers\CHtml.php(1565): CHtml::resolveValue(Object(Admission), 'per_title')
#3 C:\wamp\Dropbox\yii_framework\web\widgets\CActiveForm.php(763): CHtml::activeDropDownList(Object(Admission), 'per_title', Array, Array)
#4 C:\wamp\Dropbox\muErpSolV1\protected\views\admission\_form.php(21): CActiveForm->dropDownList(Object(Admission), 'per_title', Array)
#5 C:\wamp\Dropbox\yii_framework\web\CBaseController.php(126): require('C:\wamp\Dropbox...')
#6 C:\wamp\Dropbox\yii_framework\web\CBaseController.php(95): CBaseController->renderInternal('C:\wamp\Dropbox...', Array, true)
#7 C:\wamp\Dropbox\yii_framework\web\CController.php(869): CBaseController->renderFile('C:\wamp\Dropbox...', Array, true)
#8 C:\wamp\Dropbox\yii_framework\web\CController.php(782): CController->renderPartial('_form', Array, true)
#9 C:\wamp\Dropbox\muErpSolV1\protected\controllers\AdmissionController.php(115): CController->render('_form', Array)
#10 C:\wamp\Dropbox\yii_framework\web\actions\CInlineAction.php(49): AdmissionController->actionCreate()
#11 C:\wamp\Dropbox\yii_framework\web\CController.php(308): CInlineAction->runWithParams(Array)
#12 C:\wamp\Dropbox\yii_framework\web\filters\CFilterChain.php(133): CController->runAction(Object(CInlineAction))
#13 C:\wamp\Dropbox\yii_framework\web\filters\CFilter.php(40): CFilterChain->run()
#14 C:\wamp\Dropbox\yii_framework\web\CController.php(1145): CFilter->filter(Object(CFilterChain))
#15 C:\wamp\Dropbox\yii_framework\web\filters\CInlineFilter.php(58): CController->filterAccessControl(Object(CFilterChain))
#16 C:\wamp\Dropbox\yii_framework\web\filters\CFilterChain.php(130): CInlineFilter->filter(Object(CFilterChain))
#17 C:\wamp\Dropbox\yii_framework\web\CController.php(291): CFilterChain->run()
#18 C:\wamp\Dropbox\yii_framework\web\CController.php(265): CController->runActionWithFilters(Object(CInlineAction), Array)
#19 C:\wamp\Dropbox\yii_framework\web\CWebApplication.php(282): CController->run('create')
#20 C:\wamp\Dropbox\yii_framework\web\CWebApplication.php(141): CWebApplication->runController('admission/creat...')
#21 C:\wamp\Dropbox\yii_framework\base\CApplication.php(169): CWebApplication->processRequest()
#22 C:\wamp\Dropbox\muErpSolV1\index.php(13): CApplication->run()
#23 {main}
REQUEST_URI=/muErpSolV1/index.php?r=admission/create
HTTP_REFERER=http://localhost:8082/muErpSolV1/index.php?r=site/login
---
2013/05/11 09:59:38 [error] [exception.CException] exception 'CException' with message 'Property "Admission.per_title" is not defined.' in C:\wamp\Dropbox\yii_framework\base\CComponent.php:130
Stack trace:
#0 C:\wamp\Dropbox\yii_framework\db\ar\CActiveRecord.php(143): CComponent->__get('per_title')
#1 C:\wamp\Dropbox\yii_framework\web\helpers\CHtml.php(2253): CActiveRecord->__get('per_title')
#2 C:\wamp\Dropbox\yii_framework\web\helpers\CHtml.php(1565): CHtml::resolveValue(Object(Admission), 'per_title')
#3 C:\wamp\Dropbox\yii_framework\web\widgets\CActiveForm.php(763): CHtml::activeDropDownList(Object(Admission), 'per_title', Array, Array)
#4 C:\wamp\Dropbox\muErpSolV1\protected\views\admission\_form.php(21): CActiveForm->dropDownList(Object(Admission), 'per_title', Array)
#5 C:\wamp\Dropbox\yii_framework\web\CBaseController.php(126): require('C:\wamp\Dropbox...')
#6 C:\wamp\Dropbox\yii_framework\web\CBaseController.php(95): CBaseController->renderInternal('C:\wamp\Dropbox...', Array, true)
#7 C:\wamp\Dropbox\yii_framework\web\CController.php(869): CBaseController->renderFile('C:\wamp\Dropbox...', Array, true)
#8 C:\wamp\Dropbox\yii_framework\web\CController.php(782): CController->renderPartial('_form', Array, true)
#9 C:\wamp\Dropbox\muErpSolV1\protected\controllers\AdmissionController.php(115): CController->render('_form', Array)
#10 C:\wamp\Dropbox\yii_framework\web\actions\CInlineAction.php(49): AdmissionController->actionCreate()
#11 C:\wamp\Dropbox\yii_framework\web\CController.php(308): CInlineAction->runWithParams(Array)
#12 C:\wamp\Dropbox\yii_framework\web\filters\CFilterChain.php(133): CController->runAction(Object(CInlineAction))
#13 C:\wamp\Dropbox\yii_framework\web\filters\CFilter.php(40): CFilterChain->run()
#14 C:\wamp\Dropbox\yii_framework\web\CController.php(1145): CFilter->filter(Object(CFilterChain))
#15 C:\wamp\Dropbox\yii_framework\web\filters\CInlineFilter.php(58): CController->filterAccessControl(Object(CFilterChain))
#16 C:\wamp\Dropbox\yii_framework\web\filters\CFilterChain.php(130): CInlineFilter->filter(Object(CFilterChain))
#17 C:\wamp\Dropbox\yii_framework\web\CController.php(291): CFilterChain->run()
#18 C:\wamp\Dropbox\yii_framework\web\CController.php(265): CController->runActionWithFilters(Object(CInlineAction), Array)
#19 C:\wamp\Dropbox\yii_framework\web\CWebApplication.php(282): CController->run('create')
#20 C:\wamp\Dropbox\yii_framework\web\CWebApplication.php(141): CWebApplication->runController('admission/creat...')
#21 C:\wamp\Dropbox\yii_framework\base\CApplication.php(169): CWebApplication->processRequest()
#22 C:\wamp\Dropbox\muErpSolV1\index.php(13): CApplication->run()
#23 {main}
REQUEST_URI=/muErpSolV1/index.php?r=admission/create
HTTP_REFERER=http://localhost:8082/muErpSolV1/index.php?r=site/login
---
2013/05/11 10:01:46 [error] [exception.CException] exception 'CException' with message 'Property "Admission.per_title" is not defined.' in C:\wamp\Dropbox\yii_framework\base\CComponent.php:130
Stack trace:
#0 C:\wamp\Dropbox\yii_framework\db\ar\CActiveRecord.php(143): CComponent->__get('per_title')
#1 C:\wamp\Dropbox\yii_framework\web\helpers\CHtml.php(2253): CActiveRecord->__get('per_title')
#2 C:\wamp\Dropbox\yii_framework\web\helpers\CHtml.php(1565): CHtml::resolveValue(Object(Admission), 'per_title')
#3 C:\wamp\Dropbox\yii_framework\web\widgets\CActiveForm.php(763): CHtml::activeDropDownList(Object(Admission), 'per_title', Array, Array)
#4 C:\wamp\Dropbox\muErpSolV1\protected\views\admission\_form.php(21): CActiveForm->dropDownList(Object(Admission), 'per_title', Array)
#5 C:\wamp\Dropbox\yii_framework\web\CBaseController.php(126): require('C:\wamp\Dropbox...')
#6 C:\wamp\Dropbox\yii_framework\web\CBaseController.php(95): CBaseController->renderInternal('C:\wamp\Dropbox...', Array, true)
#7 C:\wamp\Dropbox\yii_framework\web\CController.php(869): CBaseController->renderFile('C:\wamp\Dropbox...', Array, true)
#8 C:\wamp\Dropbox\yii_framework\web\CController.php(782): CController->renderPartial('_form', Array, true)
#9 C:\wamp\Dropbox\muErpSolV1\protected\controllers\AdmissionController.php(115): CController->render('_form', Array)
#10 C:\wamp\Dropbox\yii_framework\web\actions\CInlineAction.php(49): AdmissionController->actionCreate()
#11 C:\wamp\Dropbox\yii_framework\web\CController.php(308): CInlineAction->runWithParams(Array)
#12 C:\wamp\Dropbox\yii_framework\web\filters\CFilterChain.php(133): CController->runAction(Object(CInlineAction))
#13 C:\wamp\Dropbox\yii_framework\web\filters\CFilter.php(40): CFilterChain->run()
#14 C:\wamp\Dropbox\yii_framework\web\CController.php(1145): CFilter->filter(Object(CFilterChain))
#15 C:\wamp\Dropbox\yii_framework\web\filters\CInlineFilter.php(58): CController->filterAccessControl(Object(CFilterChain))
#16 C:\wamp\Dropbox\yii_framework\web\filters\CFilterChain.php(130): CInlineFilter->filter(Object(CFilterChain))
#17 C:\wamp\Dropbox\yii_framework\web\CController.php(291): CFilterChain->run()
#18 C:\wamp\Dropbox\yii_framework\web\CController.php(265): CController->runActionWithFilters(Object(CInlineAction), Array)
#19 C:\wamp\Dropbox\yii_framework\web\CWebApplication.php(282): CController->run('create')
#20 C:\wamp\Dropbox\yii_framework\web\CWebApplication.php(141): CWebApplication->runController('admission/creat...')
#21 C:\wamp\Dropbox\yii_framework\base\CApplication.php(169): CWebApplication->processRequest()
#22 C:\wamp\Dropbox\muErpSolV1\index.php(13): CApplication->run()
#23 {main}
REQUEST_URI=/muErpSolV1/index.php?r=admission/create
HTTP_REFERER=http://localhost:8082/muErpSolV1/index.php?r=site/login
---
2013/05/11 10:01:51 [error] [exception.CException] exception 'CException' with message 'Property "Admission.per_title" is not defined.' in C:\wamp\Dropbox\yii_framework\base\CComponent.php:130
Stack trace:
#0 C:\wamp\Dropbox\yii_framework\db\ar\CActiveRecord.php(143): CComponent->__get('per_title')
#1 C:\wamp\Dropbox\yii_framework\web\helpers\CHtml.php(2253): CActiveRecord->__get('per_title')
#2 C:\wamp\Dropbox\yii_framework\web\helpers\CHtml.php(1565): CHtml::resolveValue(Object(Admission), 'per_title')
#3 C:\wamp\Dropbox\yii_framework\web\widgets\CActiveForm.php(763): CHtml::activeDropDownList(Object(Admission), 'per_title', Array, Array)
#4 C:\wamp\Dropbox\muErpSolV1\protected\views\admission\_form.php(21): CActiveForm->dropDownList(Object(Admission), 'per_title', Array)
#5 C:\wamp\Dropbox\yii_framework\web\CBaseController.php(126): require('C:\wamp\Dropbox...')
#6 C:\wamp\Dropbox\yii_framework\web\CBaseController.php(95): CBaseController->renderInternal('C:\wamp\Dropbox...', Array, true)
#7 C:\wamp\Dropbox\yii_framework\web\CController.php(869): CBaseController->renderFile('C:\wamp\Dropbox...', Array, true)
#8 C:\wamp\Dropbox\yii_framework\web\CController.php(782): CController->renderPartial('_form', Array, true)
#9 C:\wamp\Dropbox\muErpSolV1\protected\controllers\AdmissionController.php(115): CController->render('_form', Array)
#10 C:\wamp\Dropbox\yii_framework\web\actions\CInlineAction.php(49): AdmissionController->actionCreate()
#11 C:\wamp\Dropbox\yii_framework\web\CController.php(308): CInlineAction->runWithParams(Array)
#12 C:\wamp\Dropbox\yii_framework\web\filters\CFilterChain.php(133): CController->runAction(Object(CInlineAction))
#13 C:\wamp\Dropbox\yii_framework\web\filters\CFilter.php(40): CFilterChain->run()
#14 C:\wamp\Dropbox\yii_framework\web\CController.php(1145): CFilter->filter(Object(CFilterChain))
#15 C:\wamp\Dropbox\yii_framework\web\filters\CInlineFilter.php(58): CController->filterAccessControl(Object(CFilterChain))
#16 C:\wamp\Dropbox\yii_framework\web\filters\CFilterChain.php(130): CInlineFilter->filter(Object(CFilterChain))
#17 C:\wamp\Dropbox\yii_framework\web\CController.php(291): CFilterChain->run()
#18 C:\wamp\Dropbox\yii_framework\web\CController.php(265): CController->runActionWithFilters(Object(CInlineAction), Array)
#19 C:\wamp\Dropbox\yii_framework\web\CWebApplication.php(282): CController->run('create')
#20 C:\wamp\Dropbox\yii_framework\web\CWebApplication.php(141): CWebApplication->runController('admission/creat...')
#21 C:\wamp\Dropbox\yii_framework\base\CApplication.php(169): CWebApplication->processRequest()
#22 C:\wamp\Dropbox\muErpSolV1\index.php(13): CApplication->run()
#23 {main}
REQUEST_URI=/muErpSolV1/index.php?r=admission/create
HTTP_REFERER=http://localhost:8082/muErpSolV1/index.php?r=site/login
---
2013/05/11 10:01:53 [error] [exception.CException] exception 'CException' with message 'Property "Admission.per_title" is not defined.' in C:\wamp\Dropbox\yii_framework\base\CComponent.php:130
Stack trace:
#0 C:\wamp\Dropbox\yii_framework\db\ar\CActiveRecord.php(143): CComponent->__get('per_title')
#1 C:\wamp\Dropbox\yii_framework\web\helpers\CHtml.php(2253): CActiveRecord->__get('per_title')
#2 C:\wamp\Dropbox\yii_framework\web\helpers\CHtml.php(1565): CHtml::resolveValue(Object(Admission), 'per_title')
#3 C:\wamp\Dropbox\yii_framework\web\widgets\CActiveForm.php(763): CHtml::activeDropDownList(Object(Admission), 'per_title', Array, Array)
#4 C:\wamp\Dropbox\muErpSolV1\protected\views\admission\_form.php(21): CActiveForm->dropDownList(Object(Admission), 'per_title', Array)
#5 C:\wamp\Dropbox\yii_framework\web\CBaseController.php(126): require('C:\wamp\Dropbox...')
#6 C:\wamp\Dropbox\yii_framework\web\CBaseController.php(95): CBaseController->renderInternal('C:\wamp\Dropbox...', Array, true)
#7 C:\wamp\Dropbox\yii_framework\web\CController.php(869): CBaseController->renderFile('C:\wamp\Dropbox...', Array, true)
#8 C:\wamp\Dropbox\yii_framework\web\CController.php(782): CController->renderPartial('_form', Array, true)
#9 C:\wamp\Dropbox\muErpSolV1\protected\controllers\AdmissionController.php(115): CController->render('_form', Array)
#10 C:\wamp\Dropbox\yii_framework\web\actions\CInlineAction.php(49): AdmissionController->actionCreate()
#11 C:\wamp\Dropbox\yii_framework\web\CController.php(308): CInlineAction->runWithParams(Array)
#12 C:\wamp\Dropbox\yii_framework\web\filters\CFilterChain.php(133): CController->runAction(Object(CInlineAction))
#13 C:\wamp\Dropbox\yii_framework\web\filters\CFilter.php(40): CFilterChain->run()
#14 C:\wamp\Dropbox\yii_framework\web\CController.php(1145): CFilter->filter(Object(CFilterChain))
#15 C:\wamp\Dropbox\yii_framework\web\filters\CInlineFilter.php(58): CController->filterAccessControl(Object(CFilterChain))
#16 C:\wamp\Dropbox\yii_framework\web\filters\CFilterChain.php(130): CInlineFilter->filter(Object(CFilterChain))
#17 C:\wamp\Dropbox\yii_framework\web\CController.php(291): CFilterChain->run()
#18 C:\wamp\Dropbox\yii_framework\web\CController.php(265): CController->runActionWithFilters(Object(CInlineAction), Array)
#19 C:\wamp\Dropbox\yii_framework\web\CWebApplication.php(282): CController->run('create')
#20 C:\wamp\Dropbox\yii_framework\web\CWebApplication.php(141): CWebApplication->runController('admission/creat...')
#21 C:\wamp\Dropbox\yii_framework\base\CApplication.php(169): CWebApplication->processRequest()
#22 C:\wamp\Dropbox\muErpSolV1\index.php(13): CApplication->run()
#23 {main}
REQUEST_URI=/muErpSolV1/index.php?r=admission/create
HTTP_REFERER=http://localhost:8082/muErpSolV1/index.php?r=site/login
---
2013/05/11 10:01:54 [error] [exception.CException] exception 'CException' with message 'Property "Admission.per_title" is not defined.' in C:\wamp\Dropbox\yii_framework\base\CComponent.php:130
Stack trace:
#0 C:\wamp\Dropbox\yii_framework\db\ar\CActiveRecord.php(143): CComponent->__get('per_title')
#1 C:\wamp\Dropbox\yii_framework\web\helpers\CHtml.php(2253): CActiveRecord->__get('per_title')
#2 C:\wamp\Dropbox\yii_framework\web\helpers\CHtml.php(1565): CHtml::resolveValue(Object(Admission), 'per_title')
#3 C:\wamp\Dropbox\yii_framework\web\widgets\CActiveForm.php(763): CHtml::activeDropDownList(Object(Admission), 'per_title', Array, Array)
#4 C:\wamp\Dropbox\muErpSolV1\protected\views\admission\_form.php(21): CActiveForm->dropDownList(Object(Admission), 'per_title', Array)
#5 C:\wamp\Dropbox\yii_framework\web\CBaseController.php(126): require('C:\wamp\Dropbox...')
#6 C:\wamp\Dropbox\yii_framework\web\CBaseController.php(95): CBaseController->renderInternal('C:\wamp\Dropbox...', Array, true)
#7 C:\wamp\Dropbox\yii_framework\web\CController.php(869): CBaseController->renderFile('C:\wamp\Dropbox...', Array, true)
#8 C:\wamp\Dropbox\yii_framework\web\CController.php(782): CController->renderPartial('_form', Array, true)
#9 C:\wamp\Dropbox\muErpSolV1\protected\controllers\AdmissionController.php(115): CController->render('_form', Array)
#10 C:\wamp\Dropbox\yii_framework\web\actions\CInlineAction.php(49): AdmissionController->actionCreate()
#11 C:\wamp\Dropbox\yii_framework\web\CController.php(308): CInlineAction->runWithParams(Array)
#12 C:\wamp\Dropbox\yii_framework\web\filters\CFilterChain.php(133): CController->runAction(Object(CInlineAction))
#13 C:\wamp\Dropbox\yii_framework\web\filters\CFilter.php(40): CFilterChain->run()
#14 C:\wamp\Dropbox\yii_framework\web\CController.php(1145): CFilter->filter(Object(CFilterChain))
#15 C:\wamp\Dropbox\yii_framework\web\filters\CInlineFilter.php(58): CController->filterAccessControl(Object(CFilterChain))
#16 C:\wamp\Dropbox\yii_framework\web\filters\CFilterChain.php(130): CInlineFilter->filter(Object(CFilterChain))
#17 C:\wamp\Dropbox\yii_framework\web\CController.php(291): CFilterChain->run()
#18 C:\wamp\Dropbox\yii_framework\web\CController.php(265): CController->runActionWithFilters(Object(CInlineAction), Array)
#19 C:\wamp\Dropbox\yii_framework\web\CWebApplication.php(282): CController->run('create')
#20 C:\wamp\Dropbox\yii_framework\web\CWebApplication.php(141): CWebApplication->runController('admission/creat...')
#21 C:\wamp\Dropbox\yii_framework\base\CApplication.php(169): CWebApplication->processRequest()
#22 C:\wamp\Dropbox\muErpSolV1\index.php(13): CApplication->run()
#23 {main}
REQUEST_URI=/muErpSolV1/index.php?r=admission/create
HTTP_REFERER=http://localhost:8082/muErpSolV1/index.php?r=site/login
---
2013/05/12 16:07:04 [error] [exception.CHttpException.404] exception 'CHttpException' with message 'Unable to resolve the request "school".' in C:\wamp\www\yii_framework\web\CWebApplication.php:287
Stack trace:
#0 C:\wamp\www\yii_framework\web\CWebApplication.php(142): CWebApplication->runController('school')
#1 C:\wamp\www\yii_framework\base\CApplication.php(162): CWebApplication->processRequest()
#2 C:\wamp\www\muErpSolV1\index.php(13): CApplication->run()
#3 {main}
REQUEST_URI=/muErpSolV1/index.php/?r=school
---
2013/05/12 17:22:14 [error] [exception.CException] exception 'CException' with message 'Property "Employee.per_title" is not defined.' in C:\wamp\www\yii_framework\base\CComponent.php:131
Stack trace:
#0 C:\wamp\www\yii_framework\db\ar\CActiveRecord.php(144): CComponent->__get('per_title')
#1 C:\wamp\www\yii_framework\web\helpers\CHtml.php(2158): CActiveRecord->__get('per_title')
#2 C:\wamp\www\yii_framework\web\helpers\CHtml.php(1887): CHtml::resolveValue(Object(Employee), 'per_title')
#3 C:\wamp\www\yii_framework\web\helpers\CHtml.php(1217): CHtml::activeInputField('text', Object(Employee), 'per_title', Array)
#4 C:\wamp\www\yii_framework\web\widgets\CActiveForm.php(658): CHtml::activeTextField(Object(Employee), 'per_title', Array)
#5 C:\wamp\www\muErpSolV1\protected\views\employee\_person.php(20): CActiveForm->textField(Object(Employee), 'per_title')
#6 C:\wamp\www\yii_framework\web\CBaseController.php(127): require('C:\wamp\www\muE...')
#7 C:\wamp\www\yii_framework\web\CBaseController.php(96): CBaseController->renderInternal('C:\wamp\www\muE...', Array, true)
#8 C:\wamp\www\yii_framework\web\CController.php(870): CBaseController->renderFile('C:\wamp\www\muE...', Array, true)
#9 C:\wamp\www\muErpSolV1\protected\views\employee\create.php(18): CController->renderPartial('_person', Array)
#10 C:\wamp\www\yii_framework\web\CBaseController.php(127): require('C:\wamp\www\muE...')
#11 C:\wamp\www\yii_framework\web\CBaseController.php(96): CBaseController->renderInternal('C:\wamp\www\muE...', Array, true)
#12 C:\wamp\www\yii_framework\web\CController.php(870): CBaseController->renderFile('C:\wamp\www\muE...', Array, true)
#13 C:\wamp\www\yii_framework\web\CController.php(783): CController->renderPartial('create', Array, true)
#14 C:\wamp\www\muErpSolV1\protected\controllers\EmployeeController.php(79): CController->render('create', Array)
#15 C:\wamp\www\yii_framework\web\actions\CInlineAction.php(50): EmployeeController->actionCreate()
#16 C:\wamp\www\yii_framework\web\CController.php(309): CInlineAction->runWithParams(Array)
#17 C:\wamp\www\yii_framework\web\filters\CFilterChain.php(134): CController->runAction(Object(CInlineAction))
#18 C:\wamp\www\yii_framework\web\filters\CFilter.php(41): CFilterChain->run()
#19 C:\wamp\www\yii_framework\web\CController.php(1146): CFilter->filter(Object(CFilterChain))
#20 C:\wamp\www\yii_framework\web\filters\CInlineFilter.php(59): CController->filterAccessControl(Object(CFilterChain))
#21 C:\wamp\www\yii_framework\web\filters\CFilterChain.php(131): CInlineFilter->filter(Object(CFilterChain))
#22 C:\wamp\www\yii_framework\web\CController.php(292): CFilterChain->run()
#23 C:\wamp\www\yii_framework\web\CController.php(266): CController->runActionWithFilters(Object(CInlineAction), Array)
#24 C:\wamp\www\yii_framework\web\CWebApplication.php(283): CController->run('create')
#25 C:\wamp\www\yii_framework\web\CWebApplication.php(142): CWebApplication->runController('employee/create')
#26 C:\wamp\www\yii_framework\base\CApplication.php(162): CWebApplication->processRequest()
#27 C:\wamp\www\muErpSolV1\index.php(13): CApplication->run()
#28 {main}
REQUEST_URI=/muErpSolV1/index.php?r=employee/create
HTTP_REFERER=http://localhost/muErpSolV1/index.php?r=employee
---
2013/05/12 17:32:11 [error] [exception.CException] exception 'CException' with message 'Property "Employee.per_title" is not defined.' in C:\wamp\www\yii_framework\base\CComponent.php:131
Stack trace:
#0 C:\wamp\www\yii_framework\db\ar\CActiveRecord.php(144): CComponent->__get('per_title')
#1 C:\wamp\www\yii_framework\web\helpers\CHtml.php(2158): CActiveRecord->__get('per_title')
#2 C:\wamp\www\yii_framework\web\helpers\CHtml.php(1887): CHtml::resolveValue(Object(Employee), 'per_title')
#3 C:\wamp\www\yii_framework\web\helpers\CHtml.php(1217): CHtml::activeInputField('text', Object(Employee), 'per_title', Array)
#4 C:\wamp\www\yii_framework\web\widgets\CActiveForm.php(658): CHtml::activeTextField(Object(Employee), 'per_title', Array)
#5 C:\wamp\www\muErpSolV1\protected\views\employee\_person.php(20): CActiveForm->textField(Object(Employee), 'per_title')
#6 C:\wamp\www\yii_framework\web\CBaseController.php(127): require('C:\wamp\www\muE...')
#7 C:\wamp\www\yii_framework\web\CBaseController.php(96): CBaseController->renderInternal('C:\wamp\www\muE...', Array, true)
#8 C:\wamp\www\yii_framework\web\CController.php(870): CBaseController->renderFile('C:\wamp\www\muE...', Array, true)
#9 C:\wamp\www\muErpSolV1\protected\views\employee\create.php(18): CController->renderPartial('_person', Array)
#10 C:\wamp\www\yii_framework\web\CBaseController.php(127): require('C:\wamp\www\muE...')
#11 C:\wamp\www\yii_framework\web\CBaseController.php(96): CBaseController->renderInternal('C:\wamp\www\muE...', Array, true)
#12 C:\wamp\www\yii_framework\web\CController.php(870): CBaseController->renderFile('C:\wamp\www\muE...', Array, true)
#13 C:\wamp\www\yii_framework\web\CController.php(783): CController->renderPartial('create', Array, true)
#14 C:\wamp\www\muErpSolV1\protected\controllers\EmployeeController.php(79): CController->render('create', Array)
#15 C:\wamp\www\yii_framework\web\actions\CInlineAction.php(50): EmployeeController->actionCreate()
#16 C:\wamp\www\yii_framework\web\CController.php(309): CInlineAction->runWithParams(Array)
#17 C:\wamp\www\yii_framework\web\filters\CFilterChain.php(134): CController->runAction(Object(CInlineAction))
#18 C:\wamp\www\yii_framework\web\filters\CFilter.php(41): CFilterChain->run()
#19 C:\wamp\www\yii_framework\web\CController.php(1146): CFilter->filter(Object(CFilterChain))
#20 C:\wamp\www\yii_framework\web\filters\CInlineFilter.php(59): CController->filterAccessControl(Object(CFilterChain))
#21 C:\wamp\www\yii_framework\web\filters\CFilterChain.php(131): CInlineFilter->filter(Object(CFilterChain))
#22 C:\wamp\www\yii_framework\web\CController.php(292): CFilterChain->run()
#23 C:\wamp\www\yii_framework\web\CController.php(266): CController->runActionWithFilters(Object(CInlineAction), Array)
#24 C:\wamp\www\yii_framework\web\CWebApplication.php(283): CController->run('create')
#25 C:\wamp\www\yii_framework\web\CWebApplication.php(142): CWebApplication->runController('employee/create')
#26 C:\wamp\www\yii_framework\base\CApplication.php(162): CWebApplication->processRequest()
#27 C:\wamp\www\muErpSolV1\index.php(13): CApplication->run()
#28 {main}
REQUEST_URI=/muErpSolV1/index.php?r=employee/create
HTTP_REFERER=http://localhost/muErpSolV1/index.php?r=employee
---
2013/05/12 18:11:42 [error] [exception.CException] exception 'CException' with message 'Property "Employee.per_title" is not defined.' in C:\wamp\www\yii_framework\base\CComponent.php:131
Stack trace:
#0 C:\wamp\www\yii_framework\db\ar\CActiveRecord.php(144): CComponent->__get('per_title')
#1 C:\wamp\www\yii_framework\web\helpers\CHtml.php(2158): CActiveRecord->__get('per_title')
#2 C:\wamp\www\yii_framework\web\helpers\CHtml.php(1887): CHtml::resolveValue(Object(Employee), 'per_title')
#3 C:\wamp\www\yii_framework\web\helpers\CHtml.php(1217): CHtml::activeInputField('text', Object(Employee), 'per_title', Array)
#4 C:\wamp\www\yii_framework\web\widgets\CActiveForm.php(658): CHtml::activeTextField(Object(Employee), 'per_title', Array)
#5 C:\wamp\www\muErpSolV1\protected\views\employee\_person.php(20): CActiveForm->textField(Object(Employee), 'per_title')
#6 C:\wamp\www\yii_framework\web\CBaseController.php(127): require('C:\wamp\www\muE...')
#7 C:\wamp\www\yii_framework\web\CBaseController.php(96): CBaseController->renderInternal('C:\wamp\www\muE...', Array, true)
#8 C:\wamp\www\yii_framework\web\CController.php(870): CBaseController->renderFile('C:\wamp\www\muE...', Array, true)
#9 C:\wamp\www\muErpSolV1\protected\views\employee\create.php(18): CController->renderPartial('_person', Array)
#10 C:\wamp\www\yii_framework\web\CBaseController.php(127): require('C:\wamp\www\muE...')
#11 C:\wamp\www\yii_framework\web\CBaseController.php(96): CBaseController->renderInternal('C:\wamp\www\muE...', Array, true)
#12 C:\wamp\www\yii_framework\web\CController.php(870): CBaseController->renderFile('C:\wamp\www\muE...', Array, true)
#13 C:\wamp\www\yii_framework\web\CController.php(783): CController->renderPartial('create', Array, true)
#14 C:\wamp\www\muErpSolV1\protected\controllers\EmployeeController.php(79): CController->render('create', Array)
#15 C:\wamp\www\yii_framework\web\actions\CInlineAction.php(50): EmployeeController->actionCreate()
#16 C:\wamp\www\yii_framework\web\CController.php(309): CInlineAction->runWithParams(Array)
#17 C:\wamp\www\yii_framework\web\filters\CFilterChain.php(134): CController->runAction(Object(CInlineAction))
#18 C:\wamp\www\yii_framework\web\filters\CFilter.php(41): CFilterChain->run()
#19 C:\wamp\www\yii_framework\web\CController.php(1146): CFilter->filter(Object(CFilterChain))
#20 C:\wamp\www\yii_framework\web\filters\CInlineFilter.php(59): CController->filterAccessControl(Object(CFilterChain))
#21 C:\wamp\www\yii_framework\web\filters\CFilterChain.php(131): CInlineFilter->filter(Object(CFilterChain))
#22 C:\wamp\www\yii_framework\web\CController.php(292): CFilterChain->run()
#23 C:\wamp\www\yii_framework\web\CController.php(266): CController->runActionWithFilters(Object(CInlineAction), Array)
#24 C:\wamp\www\yii_framework\web\CWebApplication.php(283): CController->run('create')
#25 C:\wamp\www\yii_framework\web\CWebApplication.php(142): CWebApplication->runController('employee/create')
#26 C:\wamp\www\yii_framework\base\CApplication.php(162): CWebApplication->processRequest()
#27 C:\wamp\www\muErpSolV1\index.php(13): CApplication->run()
#28 {main}
REQUEST_URI=/muErpSolV1/index.php?r=employee/create
HTTP_REFERER=http://localhost/muErpSolV1/index.php?r=employee
---
2013/05/13 02:55:11 [error] [php] Undefined variable: model (C:\wamp\www\muErpSolV1\protected\controllers\EmployeeController.php:97)
Stack trace:
#0 C:\wamp\www\yii_framework\web\filters\CFilterChain.php(134): EmployeeController->runAction()
#1 C:\wamp\www\yii_framework\web\filters\CFilter.php(41): CFilterChain->run()
#2 C:\wamp\www\yii_framework\web\CController.php(1146): CAccessControlFilter->filter()
#3 C:\wamp\www\yii_framework\web\filters\CInlineFilter.php(59): EmployeeController->filterAccessControl()
#4 C:\wamp\www\yii_framework\web\filters\CFilterChain.php(131): CInlineFilter->filter()
#5 C:\wamp\www\yii_framework\web\CController.php(292): CFilterChain->run()
#6 C:\wamp\www\yii_framework\web\CController.php(266): EmployeeController->runActionWithFilters()
#7 C:\wamp\www\yii_framework\web\CWebApplication.php(283): EmployeeController->run()
#8 C:\wamp\www\yii_framework\web\CWebApplication.php(142): CWebApplication->runController()
#9 C:\wamp\www\yii_framework\base\CApplication.php(162): CWebApplication->processRequest()
#10 C:\wamp\www\muErpSolV1\index.php(13): CWebApplication->run()
REQUEST_URI=/muErpSolV1/index.php?r=employee/create
in C:\wamp\www\muErpSolV1\protected\controllers\EmployeeController.php (97)
in C:\wamp\www\muErpSolV1\index.php (13)
2013/05/13 02:56:15 [error] [php] Undefined index: Employee (C:\wamp\www\muErpSolV1\protected\controllers\EmployeeController.php:81)
Stack trace:
#0 C:\wamp\www\yii_framework\web\filters\CFilterChain.php(134): EmployeeController->runAction()
#1 C:\wamp\www\yii_framework\web\filters\CFilter.php(41): CFilterChain->run()
#2 C:\wamp\www\yii_framework\web\CController.php(1146): CAccessControlFilter->filter()
#3 C:\wamp\www\yii_framework\web\filters\CInlineFilter.php(59): EmployeeController->filterAccessControl()
#4 C:\wamp\www\yii_framework\web\filters\CFilterChain.php(131): CInlineFilter->filter()
#5 C:\wamp\www\yii_framework\web\CController.php(292): CFilterChain->run()
#6 C:\wamp\www\yii_framework\web\CController.php(266): EmployeeController->runActionWithFilters()
#7 C:\wamp\www\yii_framework\web\CWebApplication.php(283): EmployeeController->run()
#8 C:\wamp\www\yii_framework\web\CWebApplication.php(142): CWebApplication->runController()
#9 C:\wamp\www\yii_framework\base\CApplication.php(162): CWebApplication->processRequest()
#10 C:\wamp\www\muErpSolV1\index.php(13): CWebApplication->run()
REQUEST_URI=/muErpSolV1/index.php?r=employee/create
in C:\wamp\www\muErpSolV1\protected\controllers\EmployeeController.php (81)
in C:\wamp\www\muErpSolV1\index.php (13)
2013/05/13 02:57:08 [error] [php] Undefined index: Employee (C:\wamp\www\muErpSolV1\protected\controllers\EmployeeController.php:80)
Stack trace:
#0 C:\wamp\www\yii_framework\web\filters\CFilterChain.php(134): EmployeeController->runAction()
#1 C:\wamp\www\yii_framework\web\filters\CFilter.php(41): CFilterChain->run()
#2 C:\wamp\www\yii_framework\web\CController.php(1146): CAccessControlFilter->filter()
#3 C:\wamp\www\yii_framework\web\filters\CInlineFilter.php(59): EmployeeController->filterAccessControl()
#4 C:\wamp\www\yii_framework\web\filters\CFilterChain.php(131): CInlineFilter->filter()
#5 C:\wamp\www\yii_framework\web\CController.php(292): CFilterChain->run()
#6 C:\wamp\www\yii_framework\web\CController.php(266): EmployeeController->runActionWithFilters()
#7 C:\wamp\www\yii_framework\web\CWebApplication.php(283): EmployeeController->run()
#8 C:\wamp\www\yii_framework\web\CWebApplication.php(142): CWebApplication->runController()
#9 C:\wamp\www\yii_framework\base\CApplication.php(162): CWebApplication->processRequest()
#10 C:\wamp\www\muErpSolV1\index.php(13): CWebApplication->run()
REQUEST_URI=/muErpSolV1/index.php?r=employee/create
in C:\wamp\www\muErpSolV1\protected\controllers\EmployeeController.php (80)
in C:\wamp\www\muErpSolV1\index.php (13)
2013/05/13 02:57:27 [error] [exception.CException] exception 'CException' with message 'Property "Employee.per_title" is not defined.' in C:\wamp\www\yii_framework\base\CComponent.php:131
Stack trace:
#0 C:\wamp\www\yii_framework\db\ar\CActiveRecord.php(144): CComponent->__get('per_title')
#1 C:\wamp\www\yii_framework\web\helpers\CHtml.php(2158): CActiveRecord->__get('per_title')
#2 C:\wamp\www\yii_framework\web\helpers\CHtml.php(1887): CHtml::resolveValue(Object(Employee), 'per_title')
#3 C:\wamp\www\yii_framework\web\helpers\CHtml.php(1217): CHtml::activeInputField('text', Object(Employee), 'per_title', Array)
#4 C:\wamp\www\yii_framework\web\widgets\CActiveForm.php(658): CHtml::activeTextField(Object(Employee), 'per_title', Array)
#5 C:\wamp\www\muErpSolV1\protected\views\employee\_person.php(20): CActiveForm->textField(Object(Employee), 'per_title')
#6 C:\wamp\www\yii_framework\web\CBaseController.php(127): require('C:\wamp\www\muE...')
#7 C:\wamp\www\yii_framework\web\CBaseController.php(96): CBaseController->renderInternal('C:\wamp\www\muE...', Array, true)
#8 C:\wamp\www\yii_framework\web\CController.php(870): CBaseController->renderFile('C:\wamp\www\muE...', Array, true)
#9 C:\wamp\www\yii_framework\web\CController.php(783): CController->renderPartial('_person', Array, true)
#10 C:\wamp\www\muErpSolV1\protected\controllers\EmployeeController.php(85): CController->render('_person', Array)
#11 C:\wamp\www\yii_framework\web\actions\CInlineAction.php(50): EmployeeController->actionCreate()
#12 C:\wamp\www\yii_framework\web\CController.php(309): CInlineAction->runWithParams(Array)
#13 C:\wamp\www\yii_framework\web\filters\CFilterChain.php(134): CController->runAction(Object(CInlineAction))
#14 C:\wamp\www\yii_framework\web\filters\CFilter.php(41): CFilterChain->run()
#15 C:\wamp\www\yii_framework\web\CController.php(1146): CFilter->filter(Object(CFilterChain))
#16 C:\wamp\www\yii_framework\web\filters\CInlineFilter.php(59): CController->filterAccessControl(Object(CFilterChain))
#17 C:\wamp\www\yii_framework\web\filters\CFilterChain.php(131): CInlineFilter->filter(Object(CFilterChain))
#18 C:\wamp\www\yii_framework\web\CController.php(292): CFilterChain->run()
#19 C:\wamp\www\yii_framework\web\CController.php(266): CController->runActionWithFilters(Object(CInlineAction), Array)
#20 C:\wamp\www\yii_framework\web\CWebApplication.php(283): CController->run('create')
#21 C:\wamp\www\yii_framework\web\CWebApplication.php(142): CWebApplication->runController('employee/create')
#22 C:\wamp\www\yii_framework\base\CApplication.php(162): CWebApplication->processRequest()
#23 C:\wamp\www\muErpSolV1\index.php(13): CApplication->run()
#24 {main}
REQUEST_URI=/muErpSolV1/index.php?r=employee/create
HTTP_REFERER=http://localhost/muErpSolV1/index.php?r=employee/create
---
2013/05/13 02:59:50 [error] [exception.CException] exception 'CException' with message 'Property "Employee.per_title" is not defined.' in C:\wamp\www\yii_framework\base\CComponent.php:131
Stack trace:
#0 C:\wamp\www\yii_framework\db\ar\CActiveRecord.php(144): CComponent->__get('per_title')
#1 C:\wamp\www\yii_framework\web\helpers\CHtml.php(2158): CActiveRecord->__get('per_title')
#2 C:\wamp\www\yii_framework\web\helpers\CHtml.php(1887): CHtml::resolveValue(Object(Employee), 'per_title')
#3 C:\wamp\www\yii_framework\web\helpers\CHtml.php(1217): CHtml::activeInputField('text', Object(Employee), 'per_title', Array)
#4 C:\wamp\www\yii_framework\web\widgets\CActiveForm.php(658): CHtml::activeTextField(Object(Employee), 'per_title', Array)
#5 C:\wamp\www\muErpSolV1\protected\views\employee\_person.php(20): CActiveForm->textField(Object(Employee), 'per_title')
#6 C:\wamp\www\yii_framework\web\CBaseController.php(127): require('C:\wamp\www\muE...')
#7 C:\wamp\www\yii_framework\web\CBaseController.php(96): CBaseController->renderInternal('C:\wamp\www\muE...', Array, true)
#8 C:\wamp\www\yii_framework\web\CController.php(870): CBaseController->renderFile('C:\wamp\www\muE...', Array, true)
#9 C:\wamp\www\muErpSolV1\protected\views\employee\create.php(18): CController->renderPartial('_person', Array)
#10 C:\wamp\www\yii_framework\web\CBaseController.php(127): require('C:\wamp\www\muE...')
#11 C:\wamp\www\yii_framework\web\CBaseController.php(96): CBaseController->renderInternal('C:\wamp\www\muE...', Array, true)
#12 C:\wamp\www\yii_framework\web\CController.php(870): CBaseController->renderFile('C:\wamp\www\muE...', Array, true)
#13 C:\wamp\www\yii_framework\web\CController.php(783): CController->renderPartial('create', Array, true)
#14 C:\wamp\www\muErpSolV1\protected\controllers\EmployeeController.php(100): CController->render('create', Array)
#15 C:\wamp\www\yii_framework\web\actions\CInlineAction.php(50): EmployeeController->actionCreate()
#16 C:\wamp\www\yii_framework\web\CController.php(309): CInlineAction->runWithParams(Array)
#17 C:\wamp\www\yii_framework\web\filters\CFilterChain.php(134): CController->runAction(Object(CInlineAction))
#18 C:\wamp\www\yii_framework\web\filters\CFilter.php(41): CFilterChain->run()
#19 C:\wamp\www\yii_framework\web\CController.php(1146): CFilter->filter(Object(CFilterChain))
#20 C:\wamp\www\yii_framework\web\filters\CInlineFilter.php(59): CController->filterAccessControl(Object(CFilterChain))
#21 C:\wamp\www\yii_framework\web\filters\CFilterChain.php(131): CInlineFilter->filter(Object(CFilterChain))
#22 C:\wamp\www\yii_framework\web\CController.php(292): CFilterChain->run()
#23 C:\wamp\www\yii_framework\web\CController.php(266): CController->runActionWithFilters(Object(CInlineAction), Array)
#24 C:\wamp\www\yii_framework\web\CWebApplication.php(283): CController->run('create')
#25 C:\wamp\www\yii_framework\web\CWebApplication.php(142): CWebApplication->runController('employee/create')
#26 C:\wamp\www\yii_framework\base\CApplication.php(162): CWebApplication->processRequest()
#27 C:\wamp\www\muErpSolV1\index.php(13): CApplication->run()
#28 {main}
REQUEST_URI=/muErpSolV1/index.php?r=employee/create
HTTP_REFERER=http://localhost/muErpSolV1/index.php?r=employee/create
---
2013/05/13 03:01:44 [error] [exception.CException] exception 'CException' with message 'Property "Employee.per_title" is not defined.' in C:\wamp\www\yii_framework\base\CComponent.php:131
Stack trace:
#0 C:\wamp\www\yii_framework\db\ar\CActiveRecord.php(144): CComponent->__get('per_title')
#1 C:\wamp\www\yii_framework\web\helpers\CHtml.php(2158): CActiveRecord->__get('per_title')
#2 C:\wamp\www\yii_framework\web\helpers\CHtml.php(1887): CHtml::resolveValue(Object(Employee), 'per_title')
#3 C:\wamp\www\yii_framework\web\helpers\CHtml.php(1217): CHtml::activeInputField('text', Object(Employee), 'per_title', Array)
#4 C:\wamp\www\yii_framework\web\widgets\CActiveForm.php(658): CHtml::activeTextField(Object(Employee), 'per_title', Array)
#5 C:\wamp\www\muErpSolV1\protected\views\employee\_person.php(20): CActiveForm->textField(Object(Employee), 'per_title')
#6 C:\wamp\www\yii_framework\web\CBaseController.php(127): require('C:\wamp\www\muE...')
#7 C:\wamp\www\yii_framework\web\CBaseController.php(96): CBaseController->renderInternal('C:\wamp\www\muE...', Array, true)
#8 C:\wamp\www\yii_framework\web\CController.php(870): CBaseController->renderFile('C:\wamp\www\muE...', Array, true)
#9 C:\wamp\www\muErpSolV1\protected\views\employee\create.php(18): CController->renderPartial('_person', Array)
#10 C:\wamp\www\yii_framework\web\CBaseController.php(127): require('C:\wamp\www\muE...')
#11 C:\wamp\www\yii_framework\web\CBaseController.php(96): CBaseController->renderInternal('C:\wamp\www\muE...', Array, true)
#12 C:\wamp\www\yii_framework\web\CController.php(870): CBaseController->renderFile('C:\wamp\www\muE...', Array, true)
#13 C:\wamp\www\yii_framework\web\CController.php(783): CController->renderPartial('create', Array, true)
#14 C:\wamp\www\muErpSolV1\protected\controllers\EmployeeController.php(100): CController->render('create', Array)
#15 C:\wamp\www\yii_framework\web\actions\CInlineAction.php(50): EmployeeController->actionCreate()
#16 C:\wamp\www\yii_framework\web\CController.php(309): CInlineAction->runWithParams(Array)
#17 C:\wamp\www\yii_framework\web\filters\CFilterChain.php(134): CController->runAction(Object(CInlineAction))
#18 C:\wamp\www\yii_framework\web\filters\CFilter.php(41): CFilterChain->run()
#19 C:\wamp\www\yii_framework\web\CController.php(1146): CFilter->filter(Object(CFilterChain))
#20 C:\wamp\www\yii_framework\web\filters\CInlineFilter.php(59): CController->filterAccessControl(Object(CFilterChain))
#21 C:\wamp\www\yii_framework\web\filters\CFilterChain.php(131): CInlineFilter->filter(Object(CFilterChain))
#22 C:\wamp\www\yii_framework\web\CController.php(292): CFilterChain->run()
#23 C:\wamp\www\yii_framework\web\CController.php(266): CController->runActionWithFilters(Object(CInlineAction), Array)
#24 C:\wamp\www\yii_framework\web\CWebApplication.php(283): CController->run('create')
#25 C:\wamp\www\yii_framework\web\CWebApplication.php(142): CWebApplication->runController('employee/create')
#26 C:\wamp\www\yii_framework\base\CApplication.php(162): CWebApplication->processRequest()
#27 C:\wamp\www\muErpSolV1\index.php(13): CApplication->run()
#28 {main}
REQUEST_URI=/muErpSolV1/index.php?r=employee/create
HTTP_REFERER=http://localhost/muErpSolV1/index.php?r=employee/create
---
2013/05/13 03:02:59 [error] [php] Undefined variable: model (C:\wamp\www\muErpSolV1\protected\views\employee\_form.php:16)
Stack trace:
#0 C:\wamp\www\yii_framework\web\CController.php(870): EmployeeController->renderFile()
#1 C:\wamp\www\yii_framework\web\CController.php(783): EmployeeController->renderPartial()
#2 C:\wamp\www\muErpSolV1\protected\controllers\EmployeeController.php(85): EmployeeController->render()
#3 C:\wamp\www\yii_framework\web\actions\CInlineAction.php(50): EmployeeController->actionCreate()
#4 C:\wamp\www\yii_framework\web\CController.php(309): CInlineAction->runWithParams()
#5 C:\wamp\www\yii_framework\web\filters\CFilterChain.php(134): EmployeeController->runAction()
#6 C:\wamp\www\yii_framework\web\filters\CFilter.php(41): CFilterChain->run()
#7 C:\wamp\www\yii_framework\web\CController.php(1146): CAccessControlFilter->filter()
#8 C:\wamp\www\yii_framework\web\filters\CInlineFilter.php(59): EmployeeController->filterAccessControl()
#9 C:\wamp\www\yii_framework\web\filters\CFilterChain.php(131): CInlineFilter->filter()
#10 C:\wamp\www\yii_framework\web\CController.php(292): CFilterChain->run()
#11 C:\wamp\www\yii_framework\web\CController.php(266): EmployeeController->runActionWithFilters()
#12 C:\wamp\www\yii_framework\web\CWebApplication.php(283): EmployeeController->run()
#13 C:\wamp\www\yii_framework\web\CWebApplication.php(142): CWebApplication->runController()
#14 C:\wamp\www\yii_framework\base\CApplication.php(162): CWebApplication->processRequest()
#15 C:\wamp\www\muErpSolV1\index.php(13): CWebApplication->run()
REQUEST_URI=/muErpSolV1/index.php?r=employee/create
in C:\wamp\www\muErpSolV1\protected\views\employee\_form.php (16)
in C:\wamp\www\muErpSolV1\protected\controllers\EmployeeController.php (85)
in C:\wamp\www\muErpSolV1\index.php (13)
2013/05/13 03:03:27 [error] [php] Undefined variable: model (C:\wamp\www\muErpSolV1\protected\views\employee\_form.php:16)
Stack trace:
#0 C:\wamp\www\yii_framework\web\CController.php(870): EmployeeController->renderFile()
#1 C:\wamp\www\yii_framework\web\CController.php(783): EmployeeController->renderPartial()
#2 C:\wamp\www\muErpSolV1\protected\controllers\EmployeeController.php(85): EmployeeController->render()
#3 C:\wamp\www\yii_framework\web\actions\CInlineAction.php(50): EmployeeController->actionCreate()
#4 C:\wamp\www\yii_framework\web\CController.php(309): CInlineAction->runWithParams()
#5 C:\wamp\www\yii_framework\web\filters\CFilterChain.php(134): EmployeeController->runAction()
#6 C:\wamp\www\yii_framework\web\filters\CFilter.php(41): CFilterChain->run()
#7 C:\wamp\www\yii_framework\web\CController.php(1146): CAccessControlFilter->filter()
#8 C:\wamp\www\yii_framework\web\filters\CInlineFilter.php(59): EmployeeController->filterAccessControl()
#9 C:\wamp\www\yii_framework\web\filters\CFilterChain.php(131): CInlineFilter->filter()
#10 C:\wamp\www\yii_framework\web\CController.php(292): CFilterChain->run()
#11 C:\wamp\www\yii_framework\web\CController.php(266): EmployeeController->runActionWithFilters()
#12 C:\wamp\www\yii_framework\web\CWebApplication.php(283): EmployeeController->run()
#13 C:\wamp\www\yii_framework\web\CWebApplication.php(142): CWebApplication->runController()
#14 C:\wamp\www\yii_framework\base\CApplication.php(162): CWebApplication->processRequest()
#15 C:\wamp\www\muErpSolV1\index.php(13): CWebApplication->run()
REQUEST_URI=/muErpSolV1/index.php?r=employee/create
in C:\wamp\www\muErpSolV1\protected\views\employee\_form.php (16)
in C:\wamp\www\muErpSolV1\protected\controllers\EmployeeController.php (85)
in C:\wamp\www\muErpSolV1\index.php (13)
2013/05/13 03:05:23 [error] [exception.CException] exception 'CException' with message 'Property "CJuiDatePicker.model1" is not defined.' in C:\wamp\www\yii_framework\base\CComponent.php:174
Stack trace:
#0 C:\wamp\www\yii_framework\web\CWidgetFactory.php(162): CComponent->__set('model1', Object(Employee))
#1 C:\wamp\www\yii_framework\web\CBaseController.php(147): CWidgetFactory->createWidget(Object(EmployeeController), 'zii.widgets.jui...', Array)
#2 C:\wamp\www\yii_framework\web\CBaseController.php(173): CBaseController->createWidget('zii.widgets.jui...', Array)
#3 C:\wamp\www\muErpSolV1\protected\views\employee\_form.php(49): CBaseController->widget('zii.widgets.jui...', Array)
#4 C:\wamp\www\yii_framework\web\CBaseController.php(127): require('C:\wamp\www\muE...')
#5 C:\wamp\www\yii_framework\web\CBaseController.php(96): CBaseController->renderInternal('C:\wamp\www\muE...', Array, true)
#6 C:\wamp\www\yii_framework\web\CController.php(870): CBaseController->renderFile('C:\wamp\www\muE...', Array, true)
#7 C:\wamp\www\yii_framework\web\CController.php(783): CController->renderPartial('_form', Array, true)
#8 C:\wamp\www\muErpSolV1\protected\controllers\EmployeeController.php(85): CController->render('_form', Array)
#9 C:\wamp\www\yii_framework\web\actions\CInlineAction.php(50): EmployeeController->actionCreate()
#10 C:\wamp\www\yii_framework\web\CController.php(309): CInlineAction->runWithParams(Array)
#11 C:\wamp\www\yii_framework\web\filters\CFilterChain.php(134): CController->runAction(Object(CInlineAction))
#12 C:\wamp\www\yii_framework\web\filters\CFilter.php(41): CFilterChain->run()
#13 C:\wamp\www\yii_framework\web\CController.php(1146): CFilter->filter(Object(CFilterChain))
#14 C:\wamp\www\yii_framework\web\filters\CInlineFilter.php(59): CController->filterAccessControl(Object(CFilterChain))
#15 C:\wamp\www\yii_framework\web\filters\CFilterChain.php(131): CInlineFilter->filter(Object(CFilterChain))
#16 C:\wamp\www\yii_framework\web\CController.php(292): CFilterChain->run()
#17 C:\wamp\www\yii_framework\web\CController.php(266): CController->runActionWithFilters(Object(CInlineAction), Array)
#18 C:\wamp\www\yii_framework\web\CWebApplication.php(283): CController->run('create')
#19 C:\wamp\www\yii_framework\web\CWebApplication.php(142): CWebApplication->runController('employee/create')
#20 C:\wamp\www\yii_framework\base\CApplication.php(162): CWebApplication->processRequest()
#21 C:\wamp\www\muErpSolV1\index.php(13): CApplication->run()
#22 {main}
REQUEST_URI=/muErpSolV1/index.php?r=employee/create
HTTP_REFERER=http://localhost/muErpSolV1/index.php?r=employee/create
---
2013/05/13 03:06:15 [error] [php] Undefined variable: model (C:\wamp\www\muErpSolV1\protected\views\employee\create.php:18)
Stack trace:
#0 C:\wamp\www\yii_framework\web\CController.php(870): EmployeeController->renderFile()
#1 C:\wamp\www\yii_framework\web\CController.php(783): EmployeeController->renderPartial()
#2 C:\wamp\www\muErpSolV1\protected\controllers\EmployeeController.php(100): EmployeeController->render()
#3 C:\wamp\www\yii_framework\web\actions\CInlineAction.php(50): EmployeeController->actionCreate()
#4 C:\wamp\www\yii_framework\web\CController.php(309): CInlineAction->runWithParams()
#5 C:\wamp\www\yii_framework\web\filters\CFilterChain.php(134): EmployeeController->runAction()
#6 C:\wamp\www\yii_framework\web\filters\CFilter.php(41): CFilterChain->run()
#7 C:\wamp\www\yii_framework\web\CController.php(1146): CAccessControlFilter->filter()
#8 C:\wamp\www\yii_framework\web\filters\CInlineFilter.php(59): EmployeeController->filterAccessControl()
#9 C:\wamp\www\yii_framework\web\filters\CFilterChain.php(131): CInlineFilter->filter()
#10 C:\wamp\www\yii_framework\web\CController.php(292): CFilterChain->run()
#11 C:\wamp\www\yii_framework\web\CController.php(266): EmployeeController->runActionWithFilters()
#12 C:\wamp\www\yii_framework\web\CWebApplication.php(283): EmployeeController->run()
#13 C:\wamp\www\yii_framework\web\CWebApplication.php(142): CWebApplication->runController()
#14 C:\wamp\www\yii_framework\base\CApplication.php(162): CWebApplication->processRequest()
#15 C:\wamp\www\muErpSolV1\index.php(13): CWebApplication->run()
REQUEST_URI=/muErpSolV1/index.php?r=employee/create
in C:\wamp\www\muErpSolV1\protected\views\employee\create.php (18)
in C:\wamp\www\muErpSolV1\protected\controllers\EmployeeController.php (100)
in C:\wamp\www\muErpSolV1\index.php (13)
2013/05/13 15:24:09 [error] [exception.CException] exception 'CException' with message 'Property "CJuiDatePicker.model1" is not defined.' in C:\wamp\www\yii_framework\base\CComponent.php:174
Stack trace:
#0 C:\wamp\www\yii_framework\web\CWidgetFactory.php(162): CComponent->__set('model1', Object(Employee))
#1 C:\wamp\www\yii_framework\web\CBaseController.php(147): CWidgetFactory->createWidget(Object(EmployeeController), 'zii.widgets.jui...', Array)
#2 C:\wamp\www\yii_framework\web\CBaseController.php(173): CBaseController->createWidget('zii.widgets.jui...', Array)
#3 C:\wamp\www\muErpSolV1\protected\views\employee\_form.php(49): CBaseController->widget('zii.widgets.jui...', Array)
#4 C:\wamp\www\yii_framework\web\CBaseController.php(127): require('C:\wamp\www\muE...')
#5 C:\wamp\www\yii_framework\web\CBaseController.php(96): CBaseController->renderInternal('C:\wamp\www\muE...', Array, true)
#6 C:\wamp\www\yii_framework\web\CController.php(870): CBaseController->renderFile('C:\wamp\www\muE...', Array, true)
#7 C:\wamp\www\yii_framework\web\CController.php(783): CController->renderPartial('_form', Array, true)
#8 C:\wamp\www\muErpSolV1\protected\controllers\EmployeeController.php(85): CController->render('_form', Array)
#9 C:\wamp\www\yii_framework\web\actions\CInlineAction.php(50): EmployeeController->actionCreate()
#10 C:\wamp\www\yii_framework\web\CController.php(309): CInlineAction->runWithParams(Array)
#11 C:\wamp\www\yii_framework\web\filters\CFilterChain.php(134): CController->runAction(Object(CInlineAction))
#12 C:\wamp\www\yii_framework\web\filters\CFilter.php(41): CFilterChain->run()
#13 C:\wamp\www\yii_framework\web\CController.php(1146): CFilter->filter(Object(CFilterChain))
#14 C:\wamp\www\yii_framework\web\filters\CInlineFilter.php(59): CController->filterAccessControl(Object(CFilterChain))
#15 C:\wamp\www\yii_framework\web\filters\CFilterChain.php(131): CInlineFilter->filter(Object(CFilterChain))
#16 C:\wamp\www\yii_framework\web\CController.php(292): CFilterChain->run()
#17 C:\wamp\www\yii_framework\web\CController.php(266): CController->runActionWithFilters(Object(CInlineAction), Array)
#18 C:\wamp\www\yii_framework\web\CWebApplication.php(283): CController->run('create')
#19 C:\wamp\www\yii_framework\web\CWebApplication.php(142): CWebApplication->runController('employee/create')
#20 C:\wamp\www\yii_framework\base\CApplication.php(162): CWebApplication->processRequest()
#21 C:\wamp\www\muErpSolV1\index.php(13): CApplication->run()
#22 {main}
REQUEST_URI=/muErpSolV1/index.php?r=employee/create
HTTP_REFERER=http://localhost/muErpSolV1/index.php?r=employee/create
---
2013/05/13 15:32:26 [error] [php] Undefined variable: model1 (C:\wamp\www\muErpSolV1\protected\controllers\EmployeeController.php:99)
Stack trace:
#0 C:\wamp\www\yii_framework\web\filters\CFilterChain.php(134): EmployeeController->runAction()
#1 C:\wamp\www\yii_framework\web\filters\CFilter.php(41): CFilterChain->run()
#2 C:\wamp\www\yii_framework\web\CController.php(1146): CAccessControlFilter->filter()
#3 C:\wamp\www\yii_framework\web\filters\CInlineFilter.php(59): EmployeeController->filterAccessControl()
#4 C:\wamp\www\yii_framework\web\filters\CFilterChain.php(131): CInlineFilter->filter()
#5 C:\wamp\www\yii_framework\web\CController.php(292): CFilterChain->run()
#6 C:\wamp\www\yii_framework\web\CController.php(266): EmployeeController->runActionWithFilters()
#7 C:\wamp\www\yii_framework\web\CWebApplication.php(283): EmployeeController->run()
#8 C:\wamp\www\yii_framework\web\CWebApplication.php(142): CWebApplication->runController()
#9 C:\wamp\www\yii_framework\base\CApplication.php(162): CWebApplication->processRequest()
#10 C:\wamp\www\muErpSolV1\index.php(13): CWebApplication->run()
REQUEST_URI=/muErpSolV1/index.php?r=employee/create
in C:\wamp\www\muErpSolV1\protected\controllers\EmployeeController.php (99)
in C:\wamp\www\muErpSolV1\index.php (13)
2013/05/13 16:43:08 [error] [system.db.CDbCommand] CDbCommand::fetchColumn() failed: SQLSTATE[42S22]: Column not found: 1054 Unknown column 'type' in 'where clause'. The SQL statement executed was: SELECT COUNT(*) FROM `tbl_employee` `t` WHERE type='employee'.
in C:\wamp\www\muErpSolV1\protected\views\employee\index.php (20)
in C:\wamp\www\muErpSolV1\protected\controllers\EmployeeController.php (128)
in C:\wamp\www\muErpSolV1\index.php (13)
2013/05/13 16:43:08 [error] [exception.CDbException] exception 'CDbException' with message 'CDbCommand failed to execute the SQL statement: SQLSTATE[42S22]: Column not found: 1054 Unknown column 'type' in 'where clause'. The SQL statement executed was: SELECT COUNT(*) FROM `tbl_employee` `t` WHERE type='employee'' in C:\wamp\www\yii_framework\db\CDbCommand.php:528
Stack trace:
#0 C:\wamp\www\yii_framework\db\CDbCommand.php(425): CDbCommand->queryInternal('fetchColumn', 0, Array)
#1 C:\wamp\www\yii_framework\db\ar\CActiveRecord.php(1540): CDbCommand->queryScalar()
#2 C:\wamp\www\yii_framework\web\CActiveDataProvider.php(179): CActiveRecord->count(Object(CDbCriteria))
#3 C:\wamp\www\yii_framework\web\CDataProvider.php(193): CActiveDataProvider->calculateTotalItemCount()
#4 C:\wamp\www\yii_framework\web\CActiveDataProvider.php(129): CDataProvider->getTotalItemCount()
#5 C:\wamp\www\yii_framework\web\CDataProvider.php(137): CActiveDataProvider->fetchData()
#6 C:\wamp\www\yii_framework\zii\widgets\CBaseListView.php(108): CDataProvider->getData()
#7 C:\wamp\www\yii_framework\zii\widgets\CListView.php(182): CBaseListView->init()
#8 C:\wamp\www\yii_framework\web\CBaseController.php(148): CListView->init()
#9 C:\wamp\www\yii_framework\web\CBaseController.php(173): CBaseController->createWidget('zii.widgets.CLi...', Array)
#10 C:\wamp\www\muErpSolV1\protected\views\employee\index.php(20): CBaseController->widget('zii.widgets.CLi...', Array)
#11 C:\wamp\www\yii_framework\web\CBaseController.php(127): require('C:\wamp\www\muE...')
#12 C:\wamp\www\yii_framework\web\CBaseController.php(96): CBaseController->renderInternal('C:\wamp\www\muE...', Array, true)
#13 C:\wamp\www\yii_framework\web\CController.php(870): CBaseController->renderFile('C:\wamp\www\muE...', Array, true)
#14 C:\wamp\www\yii_framework\web\CController.php(783): CController->renderPartial('index', Array, true)
#15 C:\wamp\www\muErpSolV1\protected\controllers\EmployeeController.php(128): CController->render('index', Array)
#16 C:\wamp\www\yii_framework\web\actions\CInlineAction.php(50): EmployeeController->actionIndex()
#17 C:\wamp\www\yii_framework\web\CController.php(309): CInlineAction->runWithParams(Array)
#18 C:\wamp\www\yii_framework\web\filters\CFilterChain.php(134): CController->runAction(Object(CInlineAction))
#19 C:\wamp\www\yii_framework\web\filters\CFilter.php(41): CFilterChain->run()
#20 C:\wamp\www\yii_framework\web\CController.php(1146): CFilter->filter(Object(CFilterChain))
#21 C:\wamp\www\yii_framework\web\filters\CInlineFilter.php(59): CController->filterAccessControl(Object(CFilterChain))
#22 C:\wamp\www\yii_framework\web\filters\CFilterChain.php(131): CInlineFilter->filter(Object(CFilterChain))
#23 C:\wamp\www\yii_framework\web\CController.php(292): CFilterChain->run()
#24 C:\wamp\www\yii_framework\web\CController.php(266): CController->runActionWithFilters(Object(CInlineAction), Array)
#25 C:\wamp\www\yii_framework\web\CWebApplication.php(283): CController->run('')
#26 C:\wamp\www\yii_framework\web\CWebApplication.php(142): CWebApplication->runController('employee')
#27 C:\wamp\www\yii_framework\base\CApplication.php(162): CWebApplication->processRequest()
#28 C:\wamp\www\muErpSolV1\index.php(13): CApplication->run()
#29 {main}
REQUEST_URI=/muErpSolV1/index.php?r=employee
---
2013/05/13 16:43:41 [error] [system.db.CDbCommand] CDbCommand::fetchColumn() failed: SQLSTATE[42S22]: Column not found: 1054 Unknown column 'type' in 'where clause'. The SQL statement executed was: SELECT COUNT(*) FROM `tbl_employee` `t` WHERE type='employee'.
in C:\wamp\www\muErpSolV1\protected\views\employee\index.php (20)
in C:\wamp\www\muErpSolV1\protected\controllers\EmployeeController.php (128)
in C:\wamp\www\muErpSolV1\index.php (13)
2013/05/13 16:43:41 [error] [exception.CDbException] exception 'CDbException' with message 'CDbCommand failed to execute the SQL statement: SQLSTATE[42S22]: Column not found: 1054 Unknown column 'type' in 'where clause'. The SQL statement executed was: SELECT COUNT(*) FROM `tbl_employee` `t` WHERE type='employee'' in C:\wamp\www\yii_framework\db\CDbCommand.php:528
Stack trace:
#0 C:\wamp\www\yii_framework\db\CDbCommand.php(425): CDbCommand->queryInternal('fetchColumn', 0, Array)
#1 C:\wamp\www\yii_framework\db\ar\CActiveRecord.php(1540): CDbCommand->queryScalar()
#2 C:\wamp\www\yii_framework\web\CActiveDataProvider.php(179): CActiveRecord->count(Object(CDbCriteria))
#3 C:\wamp\www\yii_framework\web\CDataProvider.php(193): CActiveDataProvider->calculateTotalItemCount()
#4 C:\wamp\www\yii_framework\web\CActiveDataProvider.php(129): CDataProvider->getTotalItemCount()
#5 C:\wamp\www\yii_framework\web\CDataProvider.php(137): CActiveDataProvider->fetchData()
#6 C:\wamp\www\yii_framework\zii\widgets\CBaseListView.php(108): CDataProvider->getData()
#7 C:\wamp\www\yii_framework\zii\widgets\CListView.php(182): CBaseListView->init()
#8 C:\wamp\www\yii_framework\web\CBaseController.php(148): CListView->init()
#9 C:\wamp\www\yii_framework\web\CBaseController.php(173): CBaseController->createWidget('zii.widgets.CLi...', Array)
#10 C:\wamp\www\muErpSolV1\protected\views\employee\index.php(20): CBaseController->widget('zii.widgets.CLi...', Array)
#11 C:\wamp\www\yii_framework\web\CBaseController.php(127): require('C:\wamp\www\muE...')
#12 C:\wamp\www\yii_framework\web\CBaseController.php(96): CBaseController->renderInternal('C:\wamp\www\muE...', Array, true)
#13 C:\wamp\www\yii_framework\web\CController.php(870): CBaseController->renderFile('C:\wamp\www\muE...', Array, true)
#14 C:\wamp\www\yii_framework\web\CController.php(783): CController->renderPartial('index', Array, true)
#15 C:\wamp\www\muErpSolV1\protected\controllers\EmployeeController.php(128): CController->render('index', Array)
#16 C:\wamp\www\yii_framework\web\actions\CInlineAction.php(50): EmployeeController->actionIndex()
#17 C:\wamp\www\yii_framework\web\CController.php(309): CInlineAction->runWithParams(Array)
#18 C:\wamp\www\yii_framework\web\filters\CFilterChain.php(134): CController->runAction(Object(CInlineAction))
#19 C:\wamp\www\yii_framework\web\filters\CFilter.php(41): CFilterChain->run()
#20 C:\wamp\www\yii_framework\web\CController.php(1146): CFilter->filter(Object(CFilterChain))
#21 C:\wamp\www\yii_framework\web\filters\CInlineFilter.php(59): CController->filterAccessControl(Object(CFilterChain))
#22 C:\wamp\www\yii_framework\web\filters\CFilterChain.php(131): CInlineFilter->filter(Object(CFilterChain))
#23 C:\wamp\www\yii_framework\web\CController.php(292): CFilterChain->run()
#24 C:\wamp\www\yii_framework\web\CController.php(266): CController->runActionWithFilters(Object(CInlineAction), Array)
#25 C:\wamp\www\yii_framework\web\CWebApplication.php(283): CController->run('')
#26 C:\wamp\www\yii_framework\web\CWebApplication.php(142): CWebApplication->runController('employee')
#27 C:\wamp\www\yii_framework\base\CApplication.php(162): CWebApplication->processRequest()
#28 C:\wamp\www\muErpSolV1\index.php(13): CApplication->run()
#29 {main}
REQUEST_URI=/muErpSolV1/index.php?r=employee
---
2013/05/13 16:44:28 [error] [system.db.CDbCommand] CDbCommand::fetchColumn() failed: SQLSTATE[42S22]: Column not found: 1054 Unknown column 'type' in 'where clause'. The SQL statement executed was: SELECT COUNT(*) FROM `tbl_employee` `t` WHERE type='employee'.
in C:\wamp\www\muErpSolV1\protected\views\employee\index.php (20)
in C:\wamp\www\muErpSolV1\protected\controllers\EmployeeController.php (128)
in C:\wamp\www\muErpSolV1\index.php (13)
2013/05/13 16:44:28 [error] [exception.CDbException] exception 'CDbException' with message 'CDbCommand failed to execute the SQL statement: SQLSTATE[42S22]: Column not found: 1054 Unknown column 'type' in 'where clause'. The SQL statement executed was: SELECT COUNT(*) FROM `tbl_employee` `t` WHERE type='employee'' in C:\wamp\www\yii_framework\db\CDbCommand.php:528
Stack trace:
#0 C:\wamp\www\yii_framework\db\CDbCommand.php(425): CDbCommand->queryInternal('fetchColumn', 0, Array)
#1 C:\wamp\www\yii_framework\db\ar\CActiveRecord.php(1540): CDbCommand->queryScalar()
#2 C:\wamp\www\yii_framework\web\CActiveDataProvider.php(179): CActiveRecord->count(Object(CDbCriteria))
#3 C:\wamp\www\yii_framework\web\CDataProvider.php(193): CActiveDataProvider->calculateTotalItemCount()
#4 C:\wamp\www\yii_framework\web\CActiveDataProvider.php(129): CDataProvider->getTotalItemCount()
#5 C:\wamp\www\yii_framework\web\CDataProvider.php(137): CActiveDataProvider->fetchData()
#6 C:\wamp\www\yii_framework\zii\widgets\CBaseListView.php(108): CDataProvider->getData()
#7 C:\wamp\www\yii_framework\zii\widgets\CListView.php(182): CBaseListView->init()
#8 C:\wamp\www\yii_framework\web\CBaseController.php(148): CListView->init()
#9 C:\wamp\www\yii_framework\web\CBaseController.php(173): CBaseController->createWidget('zii.widgets.CLi...', Array)
#10 C:\wamp\www\muErpSolV1\protected\views\employee\index.php(20): CBaseController->widget('zii.widgets.CLi...', Array)
#11 C:\wamp\www\yii_framework\web\CBaseController.php(127): require('C:\wamp\www\muE...')
#12 C:\wamp\www\yii_framework\web\CBaseController.php(96): CBaseController->renderInternal('C:\wamp\www\muE...', Array, true)
#13 C:\wamp\www\yii_framework\web\CController.php(870): CBaseController->renderFile('C:\wamp\www\muE...', Array, true)
#14 C:\wamp\www\yii_framework\web\CController.php(783): CController->renderPartial('index', Array, true)
#15 C:\wamp\www\muErpSolV1\protected\controllers\EmployeeController.php(128): CController->render('index', Array)
#16 C:\wamp\www\yii_framework\web\actions\CInlineAction.php(50): EmployeeController->actionIndex()
#17 C:\wamp\www\yii_framework\web\CController.php(309): CInlineAction->runWithParams(Array)
#18 C:\wamp\www\yii_framework\web\filters\CFilterChain.php(134): CController->runAction(Object(CInlineAction))
#19 C:\wamp\www\yii_framework\web\filters\CFilter.php(41): CFilterChain->run()
#20 C:\wamp\www\yii_framework\web\CController.php(1146): CFilter->filter(Object(CFilterChain))
#21 C:\wamp\www\yii_framework\web\filters\CInlineFilter.php(59): CController->filterAccessControl(Object(CFilterChain))
#22 C:\wamp\www\yii_framework\web\filters\CFilterChain.php(131): CInlineFilter->filter(Object(CFilterChain))
#23 C:\wamp\www\yii_framework\web\CController.php(292): CFilterChain->run()
#24 C:\wamp\www\yii_framework\web\CController.php(266): CController->runActionWithFilters(Object(CInlineAction), Array)
#25 C:\wamp\www\yii_framework\web\CWebApplication.php(283): CController->run('')
#26 C:\wamp\www\yii_framework\web\CWebApplication.php(142): CWebApplication->runController('employee')
#27 C:\wamp\www\yii_framework\base\CApplication.php(162): CWebApplication->processRequest()
#28 C:\wamp\www\muErpSolV1\index.php(13): CApplication->run()
#29 {main}
REQUEST_URI=/muErpSolV1/index.php?r=employee
---
2013/05/13 16:53:19 [error] [exception.CException] exception 'CException' with message 'Property "Employee.per_title" is not defined.' in C:\wamp\www\yii_framework\base\CComponent.php:131
Stack trace:
#0 C:\wamp\www\yii_framework\db\ar\CActiveRecord.php(144): CComponent->__get('per_title')
#1 C:\wamp\www\yii_framework\web\helpers\CHtml.php(2158): CActiveRecord->__get('per_title')
#2 C:\wamp\www\yii_framework\web\helpers\CHtml.php(1887): CHtml::resolveValue(Object(Employee), 'per_title')
#3 C:\wamp\www\yii_framework\web\helpers\CHtml.php(1217): CHtml::activeInputField('text', Object(Employee), 'per_title', Array)
#4 C:\wamp\www\yii_framework\web\widgets\CActiveForm.php(658): CHtml::activeTextField(Object(Employee), 'per_title', Array)
#5 C:\wamp\www\muErpSolV1\protected\views\employee\_person.php(20): CActiveForm->textField(Object(Employee), 'per_title')
#6 C:\wamp\www\yii_framework\web\CBaseController.php(127): require('C:\wamp\www\muE...')
#7 C:\wamp\www\yii_framework\web\CBaseController.php(96): CBaseController->renderInternal('C:\wamp\www\muE...', Array, true)
#8 C:\wamp\www\yii_framework\web\CController.php(870): CBaseController->renderFile('C:\wamp\www\muE...', Array, true)
#9 C:\wamp\www\muErpSolV1\protected\views\employee\create.php(18): CController->renderPartial('_person', Array)
#10 C:\wamp\www\yii_framework\web\CBaseController.php(127): require('C:\wamp\www\muE...')
#11 C:\wamp\www\yii_framework\web\CBaseController.php(96): CBaseController->renderInternal('C:\wamp\www\muE...', Array, true)
#12 C:\wamp\www\yii_framework\web\CController.php(870): CBaseController->renderFile('C:\wamp\www\muE...', Array, true)
#13 C:\wamp\www\yii_framework\web\CController.php(783): CController->renderPartial('create', Array, true)
#14 C:\wamp\www\muErpSolV1\protected\controllers\EmployeeController.php(79): CController->render('create', Array)
#15 C:\wamp\www\yii_framework\web\actions\CInlineAction.php(50): EmployeeController->actionCreate()
#16 C:\wamp\www\yii_framework\web\CController.php(309): CInlineAction->runWithParams(Array)
#17 C:\wamp\www\yii_framework\web\filters\CFilterChain.php(134): CController->runAction(Object(CInlineAction))
#18 C:\wamp\www\yii_framework\web\filters\CFilter.php(41): CFilterChain->run()
#19 C:\wamp\www\yii_framework\web\CController.php(1146): CFilter->filter(Object(CFilterChain))
#20 C:\wamp\www\yii_framework\web\filters\CInlineFilter.php(59): CController->filterAccessControl(Object(CFilterChain))
#21 C:\wamp\www\yii_framework\web\filters\CFilterChain.php(131): CInlineFilter->filter(Object(CFilterChain))
#22 C:\wamp\www\yii_framework\web\CController.php(292): CFilterChain->run()
#23 C:\wamp\www\yii_framework\web\CController.php(266): CController->runActionWithFilters(Object(CInlineAction), Array)
#24 C:\wamp\www\yii_framework\web\CWebApplication.php(283): CController->run('create')
#25 C:\wamp\www\yii_framework\web\CWebApplication.php(142): CWebApplication->runController('employee/create')
#26 C:\wamp\www\yii_framework\base\CApplication.php(162): CWebApplication->processRequest()
#27 C:\wamp\www\muErpSolV1\index.php(13): CApplication->run()
#28 {main}
REQUEST_URI=/muErpSolV1/index.php?r=employee/create
HTTP_REFERER=http://localhost/muErpSolV1/index.php?r=employee
---
2013/05/13 16:55:00 [error] [exception.CException] exception 'CException' with message 'Property "Employee.per_title" is not defined.' in C:\wamp\www\yii_framework\base\CComponent.php:131
Stack trace:
#0 C:\wamp\www\yii_framework\db\ar\CActiveRecord.php(144): CComponent->__get('per_title')
#1 C:\wamp\www\yii_framework\web\helpers\CHtml.php(2158): CActiveRecord->__get('per_title')
#2 C:\wamp\www\yii_framework\web\helpers\CHtml.php(1887): CHtml::resolveValue(Object(Employee), 'per_title')
#3 C:\wamp\www\yii_framework\web\helpers\CHtml.php(1217): CHtml::activeInputField('text', Object(Employee), 'per_title', Array)
#4 C:\wamp\www\yii_framework\web\widgets\CActiveForm.php(658): CHtml::activeTextField(Object(Employee), 'per_title', Array)
#5 C:\wamp\www\muErpSolV1\protected\views\employee\_person.php(20): CActiveForm->textField(Object(Employee), 'per_title')
#6 C:\wamp\www\yii_framework\web\CBaseController.php(127): require('C:\wamp\www\muE...')
#7 C:\wamp\www\yii_framework\web\CBaseController.php(96): CBaseController->renderInternal('C:\wamp\www\muE...', Array, true)
#8 C:\wamp\www\yii_framework\web\CController.php(870): CBaseController->renderFile('C:\wamp\www\muE...', Array, true)
#9 C:\wamp\www\muErpSolV1\protected\views\employee\create.php(18): CController->renderPartial('_person', Array)
#10 C:\wamp\www\yii_framework\web\CBaseController.php(127): require('C:\wamp\www\muE...')
#11 C:\wamp\www\yii_framework\web\CBaseController.php(96): CBaseController->renderInternal('C:\wamp\www\muE...', Array, true)
#12 C:\wamp\www\yii_framework\web\CController.php(870): CBaseController->renderFile('C:\wamp\www\muE...', Array, true)
#13 C:\wamp\www\yii_framework\web\CController.php(783): CController->renderPartial('create', Array, true)
#14 C:\wamp\www\muErpSolV1\protected\controllers\EmployeeController.php(79): CController->render('create', Array)
#15 C:\wamp\www\yii_framework\web\actions\CInlineAction.php(50): EmployeeController->actionCreate()
#16 C:\wamp\www\yii_framework\web\CController.php(309): CInlineAction->runWithParams(Array)
#17 C:\wamp\www\yii_framework\web\filters\CFilterChain.php(134): CController->runAction(Object(CInlineAction))
#18 C:\wamp\www\yii_framework\web\filters\CFilter.php(41): CFilterChain->run()
#19 C:\wamp\www\yii_framework\web\CController.php(1146): CFilter->filter(Object(CFilterChain))
#20 C:\wamp\www\yii_framework\web\filters\CInlineFilter.php(59): CController->filterAccessControl(Object(CFilterChain))
#21 C:\wamp\www\yii_framework\web\filters\CFilterChain.php(131): CInlineFilter->filter(Object(CFilterChain))
#22 C:\wamp\www\yii_framework\web\CController.php(292): CFilterChain->run()
#23 C:\wamp\www\yii_framework\web\CController.php(266): CController->runActionWithFilters(Object(CInlineAction), Array)
#24 C:\wamp\www\yii_framework\web\CWebApplication.php(283): CController->run('create')
#25 C:\wamp\www\yii_framework\web\CWebApplication.php(142): CWebApplication->runController('employee/create')
#26 C:\wamp\www\yii_framework\base\CApplication.php(162): CWebApplication->processRequest()
#27 C:\wamp\www\muErpSolV1\index.php(13): CApplication->run()
#28 {main}
REQUEST_URI=/muErpSolV1/index.php?r=employee/create
HTTP_REFERER=http://localhost/muErpSolV1/index.php?r=employee
---
2013/05/13 17:01:59 [error] [exception.CException] exception 'CException' with message 'Property "Person.employeeID" is not defined.' in C:\wamp\www\yii_framework\base\CComponent.php:131
Stack trace:
#0 C:\wamp\www\yii_framework\db\ar\CActiveRecord.php(144): CComponent->__get('employeeID')
#1 C:\wamp\www\yii_framework\web\helpers\CHtml.php(2158): CActiveRecord->__get('employeeID')
#2 C:\wamp\www\yii_framework\web\helpers\CHtml.php(1887): CHtml::resolveValue(Object(Person), 'employeeID')
#3 C:\wamp\www\yii_framework\web\helpers\CHtml.php(1217): CHtml::activeInputField('text', Object(Person), 'employeeID', Array)
#4 C:\wamp\www\yii_framework\web\widgets\CActiveForm.php(658): CHtml::activeTextField(Object(Person), 'employeeID', Array)
#5 C:\wamp\www\muErpSolV1\protected\views\employee\_form.php(20): CActiveForm->textField(Object(Person), 'employeeID')
#6 C:\wamp\www\yii_framework\web\CBaseController.php(127): require('C:\wamp\www\muE...')
#7 C:\wamp\www\yii_framework\web\CBaseController.php(96): CBaseController->renderInternal('C:\wamp\www\muE...', Array, true)
#8 C:\wamp\www\yii_framework\web\CController.php(870): CBaseController->renderFile('C:\wamp\www\muE...', Array, true)
#9 C:\wamp\www\yii_framework\web\CController.php(783): CController->renderPartial('_form', Array, true)
#10 C:\wamp\www\muErpSolV1\protected\controllers\EmployeeController.php(89): CController->render('_form', Array)
#11 C:\wamp\www\yii_framework\web\actions\CInlineAction.php(50): EmployeeController->actionCreate()
#12 C:\wamp\www\yii_framework\web\CController.php(309): CInlineAction->runWithParams(Array)
#13 C:\wamp\www\yii_framework\web\filters\CFilterChain.php(134): CController->runAction(Object(CInlineAction))
#14 C:\wamp\www\yii_framework\web\filters\CFilter.php(41): CFilterChain->run()
#15 C:\wamp\www\yii_framework\web\CController.php(1146): CFilter->filter(Object(CFilterChain))
#16 C:\wamp\www\yii_framework\web\filters\CInlineFilter.php(59): CController->filterAccessControl(Object(CFilterChain))
#17 C:\wamp\www\yii_framework\web\filters\CFilterChain.php(131): CInlineFilter->filter(Object(CFilterChain))
#18 C:\wamp\www\yii_framework\web\CController.php(292): CFilterChain->run()
#19 C:\wamp\www\yii_framework\web\CController.php(266): CController->runActionWithFilters(Object(CInlineAction), Array)
#20 C:\wamp\www\yii_framework\web\CWebApplication.php(283): CController->run('create')
#21 C:\wamp\www\yii_framework\web\CWebApplication.php(142): CWebApplication->runController('employee/create')
#22 C:\wamp\www\yii_framework\base\CApplication.php(162): CWebApplication->processRequest()
#23 C:\wamp\www\muErpSolV1\index.php(13): CApplication->run()
#24 {main}
REQUEST_URI=/muErpSolV1/index.php?r=employee/create
HTTP_REFERER=http://localhost/muErpSolV1/index.php?r=employee
---
2013/05/13 17:02:29 [error] [exception.CException] exception 'CException' with message 'Property "Person.employeeID" is not defined.' in C:\wamp\www\yii_framework\base\CComponent.php:131
Stack trace:
#0 C:\wamp\www\yii_framework\db\ar\CActiveRecord.php(144): CComponent->__get('employeeID')
#1 C:\wamp\www\yii_framework\web\helpers\CHtml.php(2158): CActiveRecord->__get('employeeID')
#2 C:\wamp\www\yii_framework\web\helpers\CHtml.php(1887): CHtml::resolveValue(Object(Person), 'employeeID')
#3 C:\wamp\www\yii_framework\web\helpers\CHtml.php(1217): CHtml::activeInputField('text', Object(Person), 'employeeID', Array)
#4 C:\wamp\www\yii_framework\web\widgets\CActiveForm.php(658): CHtml::activeTextField(Object(Person), 'employeeID', Array)
#5 C:\wamp\www\muErpSolV1\protected\views\employee\_form.php(20): CActiveForm->textField(Object(Person), 'employeeID')
#6 C:\wamp\www\yii_framework\web\CBaseController.php(127): require('C:\wamp\www\muE...')
#7 C:\wamp\www\yii_framework\web\CBaseController.php(96): CBaseController->renderInternal('C:\wamp\www\muE...', Array, true)
#8 C:\wamp\www\yii_framework\web\CController.php(870): CBaseController->renderFile('C:\wamp\www\muE...', Array, true)
#9 C:\wamp\www\yii_framework\web\CController.php(783): CController->renderPartial('_form', Array, true)
#10 C:\wamp\www\muErpSolV1\protected\controllers\EmployeeController.php(89): CController->render('_form', Array)
#11 C:\wamp\www\yii_framework\web\actions\CInlineAction.php(50): EmployeeController->actionCreate()
#12 C:\wamp\www\yii_framework\web\CController.php(309): CInlineAction->runWithParams(Array)
#13 C:\wamp\www\yii_framework\web\filters\CFilterChain.php(134): CController->runAction(Object(CInlineAction))
#14 C:\wamp\www\yii_framework\web\filters\CFilter.php(41): CFilterChain->run()
#15 C:\wamp\www\yii_framework\web\CController.php(1146): CFilter->filter(Object(CFilterChain))
#16 C:\wamp\www\yii_framework\web\filters\CInlineFilter.php(59): CController->filterAccessControl(Object(CFilterChain))
#17 C:\wamp\www\yii_framework\web\filters\CFilterChain.php(131): CInlineFilter->filter(Object(CFilterChain))
#18 C:\wamp\www\yii_framework\web\CController.php(292): CFilterChain->run()
#19 C:\wamp\www\yii_framework\web\CController.php(266): CController->runActionWithFilters(Object(CInlineAction), Array)
#20 C:\wamp\www\yii_framework\web\CWebApplication.php(283): CController->run('create')
#21 C:\wamp\www\yii_framework\web\CWebApplication.php(142): CWebApplication->runController('employee/create')
#22 C:\wamp\www\yii_framework\base\CApplication.php(162): CWebApplication->processRequest()
#23 C:\wamp\www\muErpSolV1\index.php(13): CApplication->run()
#24 {main}
REQUEST_URI=/muErpSolV1/index.php?r=employee/create
HTTP_REFERER=http://localhost/muErpSolV1/index.php?r=employee
---
2013/05/13 17:07:42 [error] [exception.CException] exception 'CException' with message 'Property "Person.employeeID" is not defined.' in C:\wamp\www\yii_framework\base\CComponent.php:131
Stack trace:
#0 C:\wamp\www\yii_framework\db\ar\CActiveRecord.php(144): CComponent->__get('employeeID')
#1 C:\wamp\www\yii_framework\web\helpers\CHtml.php(2158): CActiveRecord->__get('employeeID')
#2 C:\wamp\www\yii_framework\web\helpers\CHtml.php(1887): CHtml::resolveValue(Object(Person), 'employeeID')
#3 C:\wamp\www\yii_framework\web\helpers\CHtml.php(1217): CHtml::activeInputField('text', Object(Person), 'employeeID', Array)
#4 C:\wamp\www\yii_framework\web\widgets\CActiveForm.php(658): CHtml::activeTextField(Object(Person), 'employeeID', Array)
#5 C:\wamp\www\muErpSolV1\protected\views\employee\_form.php(20): CActiveForm->textField(Object(Person), 'employeeID')
#6 C:\wamp\www\yii_framework\web\CBaseController.php(127): require('C:\wamp\www\muE...')
#7 C:\wamp\www\yii_framework\web\CBaseController.php(96): CBaseController->renderInternal('C:\wamp\www\muE...', Array, true)
#8 C:\wamp\www\yii_framework\web\CController.php(870): CBaseController->renderFile('C:\wamp\www\muE...', Array, true)
#9 C:\wamp\www\yii_framework\web\CController.php(783): CController->renderPartial('_form', Array, true)
#10 C:\wamp\www\muErpSolV1\protected\controllers\EmployeeController.php(89): CController->render('_form', Array)
#11 C:\wamp\www\yii_framework\web\actions\CInlineAction.php(50): EmployeeController->actionCreate()
#12 C:\wamp\www\yii_framework\web\CController.php(309): CInlineAction->runWithParams(Array)
#13 C:\wamp\www\yii_framework\web\filters\CFilterChain.php(134): CController->runAction(Object(CInlineAction))
#14 C:\wamp\www\yii_framework\web\filters\CFilter.php(41): CFilterChain->run()
#15 C:\wamp\www\yii_framework\web\CController.php(1146): CFilter->filter(Object(CFilterChain))
#16 C:\wamp\www\yii_framework\web\filters\CInlineFilter.php(59): CController->filterAccessControl(Object(CFilterChain))
#17 C:\wamp\www\yii_framework\web\filters\CFilterChain.php(131): CInlineFilter->filter(Object(CFilterChain))
#18 C:\wamp\www\yii_framework\web\CController.php(292): CFilterChain->run()
#19 C:\wamp\www\yii_framework\web\CController.php(266): CController->runActionWithFilters(Object(CInlineAction), Array)
#20 C:\wamp\www\yii_framework\web\CWebApplication.php(283): CController->run('create')
#21 C:\wamp\www\yii_framework\web\CWebApplication.php(142): CWebApplication->runController('employee/create')
#22 C:\wamp\www\yii_framework\base\CApplication.php(162): CWebApplication->processRequest()
#23 C:\wamp\www\muErpSolV1\index.php(13): CApplication->run()
#24 {main}
REQUEST_URI=/muErpSolV1/index.php?r=employee/create
HTTP_REFERER=http://localhost/muErpSolV1/index.php?r=employee
---
2013/05/13 17:07:49 [error] [exception.CException] exception 'CException' with message 'Property "Person.employeeID" is not defined.' in C:\wamp\www\yii_framework\base\CComponent.php:131
Stack trace:
#0 C:\wamp\www\yii_framework\db\ar\CActiveRecord.php(144): CComponent->__get('employeeID')
#1 C:\wamp\www\yii_framework\web\helpers\CHtml.php(2158): CActiveRecord->__get('employeeID')
#2 C:\wamp\www\yii_framework\web\helpers\CHtml.php(1887): CHtml::resolveValue(Object(Person), 'employeeID')
#3 C:\wamp\www\yii_framework\web\helpers\CHtml.php(1217): CHtml::activeInputField('text', Object(Person), 'employeeID', Array)
#4 C:\wamp\www\yii_framework\web\widgets\CActiveForm.php(658): CHtml::activeTextField(Object(Person), 'employeeID', Array)
#5 C:\wamp\www\muErpSolV1\protected\views\employee\_form.php(20): CActiveForm->textField(Object(Person), 'employeeID')
#6 C:\wamp\www\yii_framework\web\CBaseController.php(127): require('C:\wamp\www\muE...')
#7 C:\wamp\www\yii_framework\web\CBaseController.php(96): CBaseController->renderInternal('C:\wamp\www\muE...', Array, true)
#8 C:\wamp\www\yii_framework\web\CController.php(870): CBaseController->renderFile('C:\wamp\www\muE...', Array, true)
#9 C:\wamp\www\yii_framework\web\CController.php(783): CController->renderPartial('_form', Array, true)
#10 C:\wamp\www\muErpSolV1\protected\controllers\EmployeeController.php(89): CController->render('_form', Array)
#11 C:\wamp\www\yii_framework\web\actions\CInlineAction.php(50): EmployeeController->actionCreate()
#12 C:\wamp\www\yii_framework\web\CController.php(309): CInlineAction->runWithParams(Array)
#13 C:\wamp\www\yii_framework\web\filters\CFilterChain.php(134): CController->runAction(Object(CInlineAction))
#14 C:\wamp\www\yii_framework\web\filters\CFilter.php(41): CFilterChain->run()
#15 C:\wamp\www\yii_framework\web\CController.php(1146): CFilter->filter(Object(CFilterChain))
#16 C:\wamp\www\yii_framework\web\filters\CInlineFilter.php(59): CController->filterAccessControl(Object(CFilterChain))
#17 C:\wamp\www\yii_framework\web\filters\CFilterChain.php(131): CInlineFilter->filter(Object(CFilterChain))
#18 C:\wamp\www\yii_framework\web\CController.php(292): CFilterChain->run()
#19 C:\wamp\www\yii_framework\web\CController.php(266): CController->runActionWithFilters(Object(CInlineAction), Array)
#20 C:\wamp\www\yii_framework\web\CWebApplication.php(283): CController->run('create')
#21 C:\wamp\www\yii_framework\web\CWebApplication.php(142): CWebApplication->runController('employee/create')
#22 C:\wamp\www\yii_framework\base\CApplication.php(162): CWebApplication->processRequest()
#23 C:\wamp\www\muErpSolV1\index.php(13): CApplication->run()
#24 {main}
REQUEST_URI=/muErpSolV1/index.php?r=employee/create
HTTP_REFERER=http://localhost/muErpSolV1/index.php?r=employee
---
2013/05/13 17:08:05 [error] [exception.CException] exception 'CException' with message 'Property "Person.employeeID" is not defined.' in C:\wamp\www\yii_framework\base\CComponent.php:131
Stack trace:
#0 C:\wamp\www\yii_framework\db\ar\CActiveRecord.php(144): CComponent->__get('employeeID')
#1 C:\wamp\www\yii_framework\web\helpers\CHtml.php(2158): CActiveRecord->__get('employeeID')
#2 C:\wamp\www\yii_framework\web\helpers\CHtml.php(1887): CHtml::resolveValue(Object(Person), 'employeeID')
#3 C:\wamp\www\yii_framework\web\helpers\CHtml.php(1217): CHtml::activeInputField('text', Object(Person), 'employeeID', Array)
#4 C:\wamp\www\yii_framework\web\widgets\CActiveForm.php(658): CHtml::activeTextField(Object(Person), 'employeeID', Array)
#5 C:\wamp\www\muErpSolV1\protected\views\employee\_form.php(20): CActiveForm->textField(Object(Person), 'employeeID')
#6 C:\wamp\www\yii_framework\web\CBaseController.php(127): require('C:\wamp\www\muE...')
#7 C:\wamp\www\yii_framework\web\CBaseController.php(96): CBaseController->renderInternal('C:\wamp\www\muE...', Array, true)
#8 C:\wamp\www\yii_framework\web\CController.php(870): CBaseController->renderFile('C:\wamp\www\muE...', Array, true)
#9 C:\wamp\www\yii_framework\web\CController.php(783): CController->renderPartial('_form', Array, true)
#10 C:\wamp\www\muErpSolV1\protected\controllers\EmployeeController.php(89): CController->render('_form', Array)
#11 C:\wamp\www\yii_framework\web\actions\CInlineAction.php(50): EmployeeController->actionCreate()
#12 C:\wamp\www\yii_framework\web\CController.php(309): CInlineAction->runWithParams(Array)
#13 C:\wamp\www\yii_framework\web\filters\CFilterChain.php(134): CController->runAction(Object(CInlineAction))
#14 C:\wamp\www\yii_framework\web\filters\CFilter.php(41): CFilterChain->run()
#15 C:\wamp\www\yii_framework\web\CController.php(1146): CFilter->filter(Object(CFilterChain))
#16 C:\wamp\www\yii_framework\web\filters\CInlineFilter.php(59): CController->filterAccessControl(Object(CFilterChain))
#17 C:\wamp\www\yii_framework\web\filters\CFilterChain.php(131): CInlineFilter->filter(Object(CFilterChain))
#18 C:\wamp\www\yii_framework\web\CController.php(292): CFilterChain->run()
#19 C:\wamp\www\yii_framework\web\CController.php(266): CController->runActionWithFilters(Object(CInlineAction), Array)
#20 C:\wamp\www\yii_framework\web\CWebApplication.php(283): CController->run('create')
#21 C:\wamp\www\yii_framework\web\CWebApplication.php(142): CWebApplication->runController('employee/create')
#22 C:\wamp\www\yii_framework\base\CApplication.php(162): CWebApplication->processRequest()
#23 C:\wamp\www\muErpSolV1\index.php(13): CApplication->run()
#24 {main}
REQUEST_URI=/muErpSolV1/index.php?r=employee/create
HTTP_REFERER=http://localhost/muErpSolV1/index.php?r=employee
---
2013/05/13 17:09:09 [error] [exception.CException] exception 'CException' with message 'Property "Person.employeeID" is not defined.' in C:\wamp\www\yii_framework\base\CComponent.php:131
Stack trace:
#0 C:\wamp\www\yii_framework\db\ar\CActiveRecord.php(144): CComponent->__get('employeeID')
#1 C:\wamp\www\yii_framework\web\helpers\CHtml.php(2158): CActiveRecord->__get('employeeID')
#2 C:\wamp\www\yii_framework\web\helpers\CHtml.php(1887): CHtml::resolveValue(Object(Person), 'employeeID')
#3 C:\wamp\www\yii_framework\web\helpers\CHtml.php(1217): CHtml::activeInputField('text', Object(Person), 'employeeID', Array)
#4 C:\wamp\www\yii_framework\web\widgets\CActiveForm.php(658): CHtml::activeTextField(Object(Person), 'employeeID', Array)
#5 C:\wamp\www\muErpSolV1\protected\views\employee\_form.php(20): CActiveForm->textField(Object(Person), 'employeeID')
#6 C:\wamp\www\yii_framework\web\CBaseController.php(127): require('C:\wamp\www\muE...')
#7 C:\wamp\www\yii_framework\web\CBaseController.php(96): CBaseController->renderInternal('C:\wamp\www\muE...', Array, true)
#8 C:\wamp\www\yii_framework\web\CController.php(870): CBaseController->renderFile('C:\wamp\www\muE...', Array, true)
#9 C:\wamp\www\yii_framework\web\CController.php(783): CController->renderPartial('_form', Array, true)
#10 C:\wamp\www\muErpSolV1\protected\controllers\EmployeeController.php(89): CController->render('_form', Array)
#11 C:\wamp\www\yii_framework\web\actions\CInlineAction.php(50): EmployeeController->actionCreate()
#12 C:\wamp\www\yii_framework\web\CController.php(309): CInlineAction->runWithParams(Array)
#13 C:\wamp\www\yii_framework\web\filters\CFilterChain.php(134): CController->runAction(Object(CInlineAction))
#14 C:\wamp\www\yii_framework\web\filters\CFilter.php(41): CFilterChain->run()
#15 C:\wamp\www\yii_framework\web\CController.php(1146): CFilter->filter(Object(CFilterChain))
#16 C:\wamp\www\yii_framework\web\filters\CInlineFilter.php(59): CController->filterAccessControl(Object(CFilterChain))
#17 C:\wamp\www\yii_framework\web\filters\CFilterChain.php(131): CInlineFilter->filter(Object(CFilterChain))
#18 C:\wamp\www\yii_framework\web\CController.php(292): CFilterChain->run()
#19 C:\wamp\www\yii_framework\web\CController.php(266): CController->runActionWithFilters(Object(CInlineAction), Array)
#20 C:\wamp\www\yii_framework\web\CWebApplication.php(283): CController->run('create')
#21 C:\wamp\www\yii_framework\web\CWebApplication.php(142): CWebApplication->runController('employee/create')
#22 C:\wamp\www\yii_framework\base\CApplication.php(162): CWebApplication->processRequest()
#23 C:\wamp\www\muErpSolV1\index.php(13): CApplication->run()
#24 {main}
REQUEST_URI=/muErpSolV1/index.php?r=employee/create
HTTP_REFERER=http://localhost/muErpSolV1/index.php?r=employee
---
2013/05/13 17:20:12 [error] [exception.CException] exception 'CException' with message 'Property "Person.employeeID" is not defined.' in C:\wamp\www\yii_framework\base\CComponent.php:131
Stack trace:
#0 C:\wamp\www\yii_framework\db\ar\CActiveRecord.php(144): CComponent->__get('employeeID')
#1 C:\wamp\www\yii_framework\web\helpers\CHtml.php(2158): CActiveRecord->__get('employeeID')
#2 C:\wamp\www\yii_framework\web\helpers\CHtml.php(1887): CHtml::resolveValue(Object(Person), 'employeeID')
#3 C:\wamp\www\yii_framework\web\helpers\CHtml.php(1217): CHtml::activeInputField('text', Object(Person), 'employeeID', Array)
#4 C:\wamp\www\yii_framework\web\widgets\CActiveForm.php(658): CHtml::activeTextField(Object(Person), 'employeeID', Array)
#5 C:\wamp\www\muErpSolV1\protected\views\employee\_form.php(20): CActiveForm->textField(Object(Person), 'employeeID')
#6 C:\wamp\www\yii_framework\web\CBaseController.php(127): require('C:\wamp\www\muE...')
#7 C:\wamp\www\yii_framework\web\CBaseController.php(96): CBaseController->renderInternal('C:\wamp\www\muE...', Array, true)
#8 C:\wamp\www\yii_framework\web\CController.php(870): CBaseController->renderFile('C:\wamp\www\muE...', Array, true)
#9 C:\wamp\www\yii_framework\web\CController.php(783): CController->renderPartial('_form', Array, true)
#10 C:\wamp\www\muErpSolV1\protected\controllers\EmployeeController.php(78): CController->render('_form', Array)
#11 C:\wamp\www\yii_framework\web\actions\CInlineAction.php(50): EmployeeController->actionCreate()
#12 C:\wamp\www\yii_framework\web\CController.php(309): CInlineAction->runWithParams(Array)
#13 C:\wamp\www\yii_framework\web\filters\CFilterChain.php(134): CController->runAction(Object(CInlineAction))
#14 C:\wamp\www\yii_framework\web\filters\CFilter.php(41): CFilterChain->run()
#15 C:\wamp\www\yii_framework\web\CController.php(1146): CFilter->filter(Object(CFilterChain))
#16 C:\wamp\www\yii_framework\web\filters\CInlineFilter.php(59): CController->filterAccessControl(Object(CFilterChain))
#17 C:\wamp\www\yii_framework\web\filters\CFilterChain.php(131): CInlineFilter->filter(Object(CFilterChain))
#18 C:\wamp\www\yii_framework\web\CController.php(292): CFilterChain->run()
#19 C:\wamp\www\yii_framework\web\CController.php(266): CController->runActionWithFilters(Object(CInlineAction), Array)
#20 C:\wamp\www\yii_framework\web\CWebApplication.php(283): CController->run('create')
#21 C:\wamp\www\yii_framework\web\CWebApplication.php(142): CWebApplication->runController('employee/create')
#22 C:\wamp\www\yii_framework\base\CApplication.php(162): CWebApplication->processRequest()
#23 C:\wamp\www\muErpSolV1\index.php(13): CApplication->run()
#24 {main}
REQUEST_URI=/muErpSolV1/index.php?r=employee/create
HTTP_REFERER=http://localhost/muErpSolV1/index.php?r=employee/create
---
2013/05/13 17:26:13 [error] [php] Undefined variable: model (C:\wamp\www\muErpSolV1\protected\views\employee\_form.php:16)
Stack trace:
#0 C:\wamp\www\yii_framework\web\CController.php(870): EmployeeController->renderFile()
#1 C:\wamp\www\yii_framework\web\CController.php(783): EmployeeController->renderPartial()
#2 C:\wamp\www\muErpSolV1\protected\controllers\EmployeeController.php(79): EmployeeController->render()
#3 C:\wamp\www\yii_framework\web\actions\CInlineAction.php(50): EmployeeController->actionCreate()
#4 C:\wamp\www\yii_framework\web\CController.php(309): CInlineAction->runWithParams()
#5 C:\wamp\www\yii_framework\web\filters\CFilterChain.php(134): EmployeeController->runAction()
#6 C:\wamp\www\yii_framework\web\filters\CFilter.php(41): CFilterChain->run()
#7 C:\wamp\www\yii_framework\web\CController.php(1146): CAccessControlFilter->filter()
#8 C:\wamp\www\yii_framework\web\filters\CInlineFilter.php(59): EmployeeController->filterAccessControl()
#9 C:\wamp\www\yii_framework\web\filters\CFilterChain.php(131): CInlineFilter->filter()
#10 C:\wamp\www\yii_framework\web\CController.php(292): CFilterChain->run()
#11 C:\wamp\www\yii_framework\web\CController.php(266): EmployeeController->runActionWithFilters()
#12 C:\wamp\www\yii_framework\web\CWebApplication.php(283): EmployeeController->run()
#13 C:\wamp\www\yii_framework\web\CWebApplication.php(142): CWebApplication->runController()
#14 C:\wamp\www\yii_framework\base\CApplication.php(162): CWebApplication->processRequest()
#15 C:\wamp\www\muErpSolV1\index.php(13): CWebApplication->run()
REQUEST_URI=/muErpSolV1/index.php?r=employee/create
in C:\wamp\www\muErpSolV1\protected\views\employee\_form.php (16)
in C:\wamp\www\muErpSolV1\protected\controllers\EmployeeController.php (79)
in C:\wamp\www\muErpSolV1\index.php (13)
